#
# A fatal error has been detected by the Java Runtime Environment:
#
#  EXCEPTION_ACCESS_VIOLATION (0xc0000005) at pc=0x00007ffd73315780, pid=22124, tid=15444
#
# JRE version: OpenJDK Runtime Environment Temurin-17.0.9+9 (17.0.9+9) (build 17.0.9+9)
# Java VM: OpenJDK 64-Bit Server VM Temurin-17.0.9+9 (17.0.9+9, mixed mode, tiered, compressed oops, compressed class ptrs, parallel gc, windows-amd64)
# Problematic frame:
# C  [net.dll+0x5780]
#
# No core dump will be written. Minidumps are not enabled by default on client versions of Windows
#
# If you would like to submit a bug report, please visit:
#   https://github.com/adoptium/adoptium-support/issues
# The crash happened outside the Java Virtual Machine in native code.
# See problematic frame for where to report the bug.
#

---------------  S U M M A R Y ------------

Command Line: --add-modules=ALL-SYSTEM --add-opens=java.base/java.util=ALL-UNNAMED --add-opens=java.base/java.lang=ALL-UNNAMED --add-opens=java.base/sun.nio.fs=ALL-UNNAMED -Declipse.application=org.eclipse.jdt.ls.core.id1 -Dosgi.bundles.defaultStartLevel=4 -Declipse.product=org.eclipse.jdt.ls.core.product -Djava.import.generatesMetadataFilesAtProjectRoot=false -DDetectVMInstallationsJob.disabled=true -Dfile.encoding=utf8 -XX:+UseParallelGC -XX:GCTimeRatio=4 -XX:AdaptiveSizePolicyWeight=90 -Dsun.zip.disableMemoryMapping=true -Xmx1G -Xms100m -Xlog:disable -javaagent:c:\Users\rocka\.vscode\extensions\redhat.java-1.25.1-win32-x64\lombok\lombok-1.18.30.jar c:\Users\rocka\.vscode\extensions\redhat.java-1.25.1-win32-x64\server\plugins\org.eclipse.equinox.launcher_1.6.600.v20231106-1826.jar -configuration c:\Users\rocka\AppData\Roaming\Code\User\globalStorage\redhat.java\1.25.1\config_ss_win -data c:\Users\rocka\AppData\Roaming\Code\User\workspaceStorage\98cd369e4861e4353223ca6c1bcc8c25\redhat.java\ss_ws --stdio

Host: ## __CPU__, 8 cores, 7G,  Windows 11 , 64 bit Build 22621 (10.0.22621.2506)
Time: Sat Dec 23 20:35:46 2023 India Standard Time elapsed time: 11.248220 seconds (0d 0h 0m 11s)

---------------  T H R E A D  ---------------

Current thread (0x0000020f553c9720):  JavaThread "Start Level: Equinox Container: f4f8d45b-8cdf-4a9f-a79f-d9785a93e396" daemon [_thread_in_native, id=15444, stack(0x000000b479b00000,0x000000b479c00000)]

Stack: [0x000000b479b00000,0x000000b479c00000],  sp=0x000000b479bfcc30,  free space=1011k
Native frames: (J=compiled Java code, j=interpreted, Vv=VM code, C=native code)
C  [net.dll+0x5780]

Java frames: (J=compiled Java code, j=interpreted, Vv=VM code)
j  java.net.NetworkInterface.getAll()[Ljava/net/NetworkInterface;+0 java.base@17.0.9
j  java.net.NetworkInterface.getNetworkInterfaces()Ljava/util/Enumeration;+0 java.base@17.0.9
j  sun.security.provider.SeedGenerator.addNetworkAdapterInfo(Ljava/security/MessageDigest;)V+0 java.base@17.0.9
j  sun.security.provider.SeedGenerator$1.run()Ljava/lang/Void;+66 java.base@17.0.9
j  sun.security.provider.SeedGenerator$1.run()Ljava/lang/Object;+1 java.base@17.0.9
J 1804 c1 java.security.AccessController.doPrivileged(Ljava/security/PrivilegedAction;)Ljava/lang/Object; java.base@17.0.9 (9 bytes) @ 0x0000020f3dce25bc [0x0000020f3dce2460+0x000000000000015c]
j  sun.security.provider.SeedGenerator.getSystemEntropy()[B+40 java.base@17.0.9
j  sun.security.provider.AbstractDrbg$SeederHolder.<clinit>()V+28 java.base@17.0.9
v  ~StubRoutines::call_stub
j  sun.security.provider.AbstractDrbg.getEntropyInput(IIIZ)[B+87 java.base@17.0.9
j  sun.security.provider.AbstractDrbg.getEntropyInput(Z)[B+14 java.base@17.0.9
j  sun.security.provider.AbstractDrbg.instantiateIfNecessary([B)V+16 java.base@17.0.9
j  sun.security.provider.AbstractDrbg.engineNextBytes([BLjava/security/SecureRandomParameters;)V+162 java.base@17.0.9
j  sun.security.provider.AbstractDrbg.engineNextBytes([B)V+11 java.base@17.0.9
j  sun.security.provider.DRBG.engineNextBytes([B)V+5 java.base@17.0.9
j  java.security.SecureRandom.nextBytes([B)V+12 java.base@17.0.9
j  java.util.UUID.randomUUID()Ljava/util/UUID;+11 java.base@17.0.9
j  org.eclipse.jdt.ls.core.internal.preferences.Preferences.<clinit>()V+0
v  ~StubRoutines::call_stub
j  org.eclipse.jdt.ls.core.internal.preferences.PreferenceManager.<init>()V+5
j  org.eclipse.jdt.ls.core.internal.JavaLanguageServerPlugin.start(Lorg/osgi/framework/BundleContext;)V+32
j  org.eclipse.osgi.internal.framework.BundleContextImpl$2.run()Ljava/lang/Void;+23
j  org.eclipse.osgi.internal.framework.BundleContextImpl$2.run()Ljava/lang/Object;+1
J 890 c1 java.security.AccessController.executePrivileged(Ljava/security/PrivilegedExceptionAction;Ljava/security/AccessControlContext;Ljava/lang/Class;)Ljava/lang/Object; java.base@17.0.9 (65 bytes) @ 0x0000020f3db17234 [0x0000020f3db170e0+0x0000000000000154]
j  java.security.AccessController.doPrivileged(Ljava/security/PrivilegedExceptionAction;)Ljava/lang/Object;+9 java.base@17.0.9
j  org.eclipse.osgi.internal.framework.BundleContextImpl.startActivator(Lorg/osgi/framework/BundleActivator;)V+9
j  org.eclipse.osgi.internal.framework.BundleContextImpl.start()V+134
j  org.eclipse.osgi.internal.framework.EquinoxBundle.startWorker0()V+35
j  org.eclipse.osgi.internal.framework.EquinoxBundle$EquinoxModule.startWorker()V+4
j  org.eclipse.osgi.container.Module.doStart([Lorg/eclipse/osgi/container/Module$StartOptions;)Lorg/eclipse/osgi/container/ModuleContainerAdaptor$ModuleEvent;+190
j  org.eclipse.osgi.container.Module.start([Lorg/eclipse/osgi/container/Module$StartOptions;)V+460
j  org.eclipse.osgi.container.ModuleContainer$ContainerStartLevel$2.run()V+71
j  org.eclipse.osgi.internal.framework.EquinoxContainerAdaptor$1$1.execute(Ljava/lang/Runnable;)V+1
j  org.eclipse.osgi.container.ModuleContainer$ContainerStartLevel.incStartLevel(ILjava/util/List;Z)V+192
j  org.eclipse.osgi.container.ModuleContainer$ContainerStartLevel.incStartLevel(ILjava/util/List;Ljava/util/List;Ljava/util/List;Ljava/util/List;)V+19
j  org.eclipse.osgi.container.ModuleContainer$ContainerStartLevel.doContainerStartLevel(Lorg/eclipse/osgi/container/Module;I[Lorg/osgi/framework/FrameworkListener;)V+349
j  org.eclipse.osgi.container.ModuleContainer$ContainerStartLevel.dispatchEvent(Lorg/eclipse/osgi/container/Module;[Lorg/osgi/framework/FrameworkListener;ILjava/lang/Integer;)V+32
j  org.eclipse.osgi.container.ModuleContainer$ContainerStartLevel.dispatchEvent(Ljava/lang/Object;Ljava/lang/Object;ILjava/lang/Object;)V+15
j  org.eclipse.osgi.framework.eventmgr.EventManager.dispatchEvent(Ljava/util/Set;Lorg/eclipse/osgi/framework/eventmgr/EventDispatcher;ILjava/lang/Object;)V+48
j  org.eclipse.osgi.framework.eventmgr.EventManager$EventThread.run()V+26
v  ~StubRoutines::call_stub

siginfo: EXCEPTION_ACCESS_VIOLATION (0xc0000005), reading address 0x000000b479c00008


Registers:
RAX=0x0000000000000001, RBX=0x0000020f55937fd0, RCX=0x0000000000000000, RDX=0x0000000000000000
RSP=0x000000b479bfcc30, RBP=0x0000000000000648, RSI=0x0000020f55937fd0, RDI=0x000000b479bfcdc0
R8 =0x0000000000000001, R9 =0x0000000000000040, R10=0x0000000000000040, R11=0x60873e00a0803003
R12=0x000000b479bfccc0, R13=0x0000020f55936630, R14=0x0000000000000218, R15=0x0000000000000004
RIP=0x00007ffd73315780, EFLAGS=0x0000000000010287


Register to memory mapping:

RIP=0x00007ffd73315780 net.dll
RAX=0x0000000000000001 is an unknown value
RBX=0x0000020f55937fd0 points into unknown readable memory: 0x000000b400000002 | 02 00 00 00 b4 00 00 00
RCX=0x0 is NULL
RDX=0x0 is NULL
RSP=0x000000b479bfcc30 is pointing into the stack for thread: 0x0000020f553c9720
RBP=0x0000000000000648 is an unknown value
RSI=0x0000020f55937fd0 points into unknown readable memory: 0x000000b400000002 | 02 00 00 00 b4 00 00 00
RDI=0x000000b479bfcdc0 is pointing into the stack for thread: 0x0000020f553c9720
R8 =0x0000000000000001 is an unknown value
R9 =0x0000000000000040 is an unknown value
R10=0x0000000000000040 is an unknown value
R11=0x60873e00a0803003 is an unknown value
R12=0x000000b479bfccc0 is pointing into the stack for thread: 0x0000020f553c9720
R13=0x0000020f55936630 points into unknown readable memory: 0x0000020f54e07910 | 10 79 e0 54 0f 02 00 00
R14=0x0000000000000218 is an unknown value
R15=0x0000000000000004 is an unknown value


Top of Stack: (sp=0x000000b479bfcc30)
0x000000b479bfcc30:   0000020f55937530 0000000000000026
0x000000b479bfcc40:   0000020f553c99d8 00007ffd7331602f
0x000000b479bfcc50:   000000b479bfcde0 000000b479bfce98
0x000000b479bfcc60:   00000000ffffffff 0000000000000026
0x000000b479bfcc70:   0000020f55936630 00007ffd73316e19
0x000000b479bfcc80:   0000020f553c99d8 0000020f553c99d8
0x000000b479bfcc90:   000000b479bfcd29 0000020f55936630
0x000000b479bfcca0:   0000000000000000 0000000000000000
0x000000b479bfccb0:   000000b479bfcdc0 0000020f55937da0
0x000000b479bfccc0:   0000020f553c9720 0000000000000001
0x000000b479bfccd0:   0000000000000000 0000000000000007
0x000000b479bfcce0:   000000000000000d 0000020f50866000
0x000000b479bfccf0:   000000b479bfcdb0 00007ffd23962134
0x000000b479bfcd00:   00000000000002e8 0000020f3ad237f0
0x000000b479bfcd10:   000000b479bfce20 00007ffd236c687d
0x000000b479bfcd20:   0000020f553c9720 0000000000000001
0x000000b479bfcd30:   0000020f553c9720 0000000000000000
0x000000b479bfcd40:   00000000000002e8 00007ffd23973019
0x000000b479bfcd50:   0000ba41633f21d9 00007ffd23972f67
0x000000b479bfcd60:   0000020f553c9720 0000020f50866000
0x000000b479bfcd70:   0000000000000000 000000b479bfce90
0x000000b479bfcd80:   000000b479bfce80 00007ffd73316074
0x000000b479bfcd90:   000000b479bfce80 00007ffd236c61e2
0x000000b479bfcda0:   0000000000000000 0000020f553c99d8
0x000000b479bfcdb0:   000000b479bfce98 0000020f553c99d8
0x000000b479bfcdc0:   00000000000002e8 00007ffd73314563
0x000000b479bfcdd0:   000000b479bfce90 000000b479bfce80
0x000000b479bfcde0:   0000020f55936630 0000020f50866008
0x000000b479bfcdf0:   0000020f553c9720 000000b479bfce98
0x000000b479bfce00:   0000000000000000 0000020f44edd581
0x000000b479bfce10:   0000020f50866008 000000b479bfce80
0x000000b479bfce20:   0000000000000000 00000000000002e8 

Instructions: (pc=0x00007ffd73315780)
0x00007ffd73315680:   ff ff 48 8b cb 48 8b 5b 40 ff 15 21 9c 00 00 48
0x00007ffd73315690:   8b cb 48 85 db 75 ee e9 bf fb ff ff 48 8b cb 48
0x00007ffd733156a0:   8b 5b 40 ff 15 07 9c 00 00 48 8b cb 48 85 db 75
0x00007ffd733156b0:   ee e9 a5 fb ff ff 48 8b cb 48 8b 5b 40 ff 15 ed
0x00007ffd733156c0:   9b 00 00 48 8b cb 48 85 db 75 ee e9 8b fb ff ff
0x00007ffd733156d0:   48 89 5c 24 08 48 89 74 24 10 57 48 83 ec 20 48
0x00007ffd733156e0:   8b f2 49 8b f8 48 8d 54 24 48 48 8b d9 e8 86 08
0x00007ffd733156f0:   00 00 85 c0 79 04 33 c0 eb 22 4c 8b 4c 24 48 4c
0x00007ffd73315700:   8b c7 48 8b d6 48 8b cb e8 1f 00 00 00 48 8b 4c
0x00007ffd73315710:   24 48 8b d8 ff 15 96 9b 00 00 8b c3 48 8b 5c 24
0x00007ffd73315720:   30 48 8b 74 24 38 48 83 c4 20 5f c3 48 8b c4 48
0x00007ffd73315730:   89 58 10 48 89 68 18 48 89 70 20 48 89 48 08 57
0x00007ffd73315740:   41 54 41 55 41 56 41 57 48 83 ec 20 4c 8b ea 49
0x00007ffd73315750:   8b f9 33 d2 4d 8b e0 4d 85 c9 75 07 33 c0 e9 fb
0x00007ffd73315760:   00 00 00 44 8b fa 48 8b da 44 8b f2 41 39 11 0f
0x00007ffd73315770:   86 e2 00 00 00 41 8b c6 48 8d 2c 40 41 8b 45 10
0x00007ffd73315780:   39 44 ef 08 0f 85 bc 00 00 00 39 54 ef 04 0f 84
0x00007ffd73315790:   b2 00 00 00 b9 48 00 00 00 ff 15 19 9b 00 00 33
0x00007ffd733157a0:   d2 48 8b f0 48 85 c0 0f 84 ce 00 00 00 44 8d 42
0x00007ffd733157b0:   02 66 44 89 00 8b 44 ef 04 89 46 04 41 8b 4d 14
0x00007ffd733157c0:   83 e9 06 74 23 83 e9 03 74 1e 83 e9 06 74 19 83
0x00007ffd733157d0:   e9 08 74 0f 83 e9 01 74 0f 83 e9 04 74 05 83 f9
0x00007ffd733157e0:   2b 74 05 83 c8 ff eb 49 66 44 89 46 1c ba 01 00
0x00007ffd733157f0:   00 00 8b 4c ef 04 8b 44 ef 0c 23 c8 39 54 ef 10
0x00007ffd73315800:   75 06 f7 d0 0b c1 eb 02 8b c1 89 46 20 8b 4c ef
0x00007ffd73315810:   0c ff 15 e9 99 00 00 33 d2 8b c8 66 89 56 38 85
0x00007ffd73315820:   c0 74 12 8b c2 44 8d 42 01 66 41 03 c0 03 c9 75
0x00007ffd73315830:   f8 66 89 46 38 b8 01 00 00 00 48 89 5e 40 44 03
0x00007ffd73315840:   f8 48 8b de eb 05 b8 01 00 00 00 44 03 f0 44 3b
0x00007ffd73315850:   37 0f 82 1e ff ff ff 49 89 1c 24 41 8b c7 48 8b
0x00007ffd73315860:   5c 24 58 48 8b 6c 24 60 48 8b 74 24 68 48 83 c4
0x00007ffd73315870:   20 41 5f 41 5e 41 5d 41 5c 5f c3 48 8b 4c 24 50 


Stack slot to memory mapping:
stack at sp + 0 slots: 0x0000020f55937530 points into unknown readable memory: 0x0000020f00000002 | 02 00 00 00 0f 02 00 00
stack at sp + 1 slots: 0x0000000000000026 is an unknown value
stack at sp + 2 slots: 0x0000020f553c99d8 points into unknown readable memory: 0x00007ffd23e59800 | 00 98 e5 23 fd 7f 00 00
stack at sp + 3 slots: 0x00007ffd7331602f net.dll
stack at sp + 4 slots: 0x000000b479bfcde0 is pointing into the stack for thread: 0x0000020f553c9720
stack at sp + 5 slots: 0x000000b479bfce98 is pointing into the stack for thread: 0x0000020f553c9720
stack at sp + 6 slots: 0x00000000ffffffff is an unallocated location in the heap
stack at sp + 7 slots: 0x0000000000000026 is an unknown value


Compiled method (c1)   11874 1804       3       java.security.AccessController::doPrivileged (9 bytes)
 total in heap  [0x0000020f3dce2290,0x0000020f3dce28b8] = 1576
 relocation     [0x0000020f3dce23e8,0x0000020f3dce2450] = 104
 main code      [0x0000020f3dce2460,0x0000020f3dce2720] = 704
 stub code      [0x0000020f3dce2720,0x0000020f3dce2778] = 88
 metadata       [0x0000020f3dce2778,0x0000020f3dce2790] = 24
 scopes data    [0x0000020f3dce2790,0x0000020f3dce2810] = 128
 scopes pcs     [0x0000020f3dce2810,0x0000020f3dce28a0] = 144
 dependencies   [0x0000020f3dce28a0,0x0000020f3dce28a8] = 8
 nul chk table  [0x0000020f3dce28a8,0x0000020f3dce28b8] = 16

[Constant Pool (empty)]

[MachCode]
[Verified Entry Point]
  # {method} {0x0000020f4f0303d8} 'doPrivileged' '(Ljava/security/PrivilegedAction;)Ljava/lang/Object;' in 'java/security/AccessController'
  # parm0:    rdx:rdx   = 'java/security/PrivilegedAction'
  #           [sp+0x70]  (sp of caller)
  0x0000020f3dce2460: 8984 2400 | 90ff ff55 | 4883 ec60 

  0x0000020f3dce246c: ;   {metadata(method data for {method} {0x0000020f4f0303d8} 'doPrivileged' '(Ljava/security/PrivilegedAction;)Ljava/lang/Object;' in 'java/security/AccessController')}
  0x0000020f3dce246c: 48be 38d7 | 7c4f 0f02 | 0000 8bbe | cc00 0000 | 83c7 0289 | becc 0000 | 0081 e7fe | 0700 0083 
  0x0000020f3dce248c: ff00 0f84 | c401 0000 | 4889 5424 

  0x0000020f3dce2498: ;   {metadata(method data for {method} {0x0000020f4f0303d8} 'doPrivileged' '(Ljava/security/PrivilegedAction;)Ljava/lang/Object;' in 'java/security/AccessController')}
  0x0000020f3dce2498: 4048 be38 | d77c 4f0f | 0200 0048 | 8386 1001 | 0000 010f 

  0x0000020f3dce24ac: ;   {static_call}
  0x0000020f3dce24ac: 1f40 00e8 

  0x0000020f3dce24b0: ; ImmutableOopMap {[64]=Oop }
                      ;*invokestatic getCallerClass {reexecute=0 rethrow=0 return_oop=0}
                      ; - java.security.AccessController::doPrivileged@2
  0x0000020f3dce24b0: 848c 7b07 

  0x0000020f3dce24b4: ;   {metadata(method data for {method} {0x0000020f4f0303d8} 'doPrivileged' '(Ljava/security/PrivilegedAction;)Ljava/lang/Object;' in 'java/security/AccessController')}
  0x0000020f3dce24b4: 48ba 38d7 | 7c4f 0f02 | 0000 4883 | 8220 0100 

  0x0000020f3dce24c4: ;   {metadata(method data for {method} {0x0000020f4f030ef8} 'executePrivileged' '(Ljava/security/PrivilegedAction;Ljava/security/AccessControlContext;Ljava/lang/Class;)Ljava/lang/Object;' in 'java/security/AccessController')}
  0x0000020f3dce24c4: 0001 48ba | a8d8 7c4f | 0f02 0000 | 8bb2 cc00 | 0000 83c6 | 0289 b2cc | 0000 0081 | e6fe ff1f 
  0x0000020f3dce24e4: 0083 fe00 | 0f84 8b01 

  0x0000020f3dce24ec: ;   {metadata(method data for {method} {0x0000020f4f030ef8} 'executePrivileged' '(Ljava/security/PrivilegedAction;Ljava/security/AccessControlContext;Ljava/lang/Class;)Ljava/lang/Object;' in 'java/security/AccessController')}
  0x0000020f3dce24ec: 0000 48ba | a8d8 7c4f | 0f02 0000 | ff82 1001 

  0x0000020f3dce24fc: ;   {metadata(method data for {method} {0x0000020f4f030ef8} 'executePrivileged' '(Ljava/security/PrivilegedAction;Ljava/security/AccessControlContext;Ljava/lang/Class;)Ljava/lang/Object;' in 'java/security/AccessController')}
  0x0000020f3dce24fc: 0000 48ba | a8d8 7c4f | 0f02 0000 | ff82 4001 | 0000 4889 | 4424 4848 | 8b54 2440 

  0x0000020f3dce2518: ; implicit exception: dispatches to 0x0000020f3dce269a
  0x0000020f3dce2518: 483b 0248 

  0x0000020f3dce251c: ;   {metadata(method data for {method} {0x0000020f4f030ef8} 'executePrivileged' '(Ljava/security/PrivilegedAction;Ljava/security/AccessControlContext;Ljava/lang/Class;)Ljava/lang/Object;' in 'java/security/AccessController')}
  0x0000020f3dce251c: 8bf2 48bf | a8d8 7c4f | 0f02 0000 | 8b76 0848 | c1e6 0348 | 3bb7 b001 | 0000 750d | 4883 87b8 
  0x0000020f3dce253c: 0100 0001 | e966 0000 | 0048 3bb7 | c001 0000 | 750d 4883 | 87c8 0100 | 0001 e950 | 0000 0048 
  0x0000020f3dce255c: 81bf b001 | 0000 0000 | 0000 7517 | 4889 b7b0 | 0100 0048 | c787 b801 | 0000 0100 | 0000 e92c 
  0x0000020f3dce257c: 0000 0048 | 81bf c001 | 0000 0000 | 0000 7517 | 4889 b7c0 | 0100 0048 | c787 c801 | 0000 0100 
  0x0000020f3dce259c: 0000 e908 | 0000 0048 | 8387 a001 | 0000 0166 | 9048 b8f0 | 7d2b 550f 

  0x0000020f3dce25b4: ;   {virtual_call}
  0x0000020f3dce25b4: 0200 00e8 

  0x0000020f3dce25b8: ; ImmutableOopMap {[72]=Oop }
                      ;*invokeinterface run {reexecute=0 rethrow=0 return_oop=0}
                      ; - java.security.AccessController::executePrivileged@29
                      ; - java.security.AccessController::doPrivileged@5
  0x0000020f3dce25b8: 2cb7 2e07 

  0x0000020f3dce25bc: ;   {metadata(method data for {method} {0x0000020f4f030ef8} 'executePrivileged' '(Ljava/security/PrivilegedAction;Ljava/security/AccessControlContext;Ljava/lang/Class;)Ljava/lang/Object;' in 'java/security/AccessController')}
  0x0000020f3dce25bc: 48be a8d8 | 7c4f 0f02 | 0000 ff86 | d801 0000 | 488b 7424 

  0x0000020f3dce25d0: ;   {metadata(method data for {method} {0x0000020f4f030ef8} 'executePrivileged' '(Ljava/security/PrivilegedAction;Ljava/security/AccessControlContext;Ljava/lang/Class;)Ljava/lang/Object;' in 'java/security/AccessController')}
  0x0000020f3dce25d0: 4848 bfa8 | d87c 4f0f | 0200 0048 | 8387 3802 

  0x0000020f3dce25e0: ;   {metadata(method data for {method} {0x0000020f4f035da8} 'reachabilityFence' '(Ljava/lang/Object;)V' in 'java/lang/ref/Reference')}
  0x0000020f3dce25e0: 0000 0148 | bf60 805e | 4f0f 0200 | 008b 9fcc | 0000 0083 | c302 899f | cc00 0000 | 81e3 feff 
  0x0000020f3dce2600: 1f00 83fb | 000f 8494 

  0x0000020f3dce2608: ;   {metadata(method data for {method} {0x0000020f4f030ef8} 'executePrivileged' '(Ljava/security/PrivilegedAction;Ljava/security/AccessControlContext;Ljava/lang/Class;)Ljava/lang/Object;' in 'java/security/AccessController')}
  0x0000020f3dce2608: 0000 0048 | bea8 d87c | 4f0f 0200 | 0048 8386 | 4802 0000 

  0x0000020f3dce261c: ;   {metadata(method data for {method} {0x0000020f4f035da8} 'reachabilityFence' '(Ljava/lang/Object;)V' in 'java/lang/ref/Reference')}
  0x0000020f3dce261c: 0148 be60 | 805e 4f0f | 0200 008b | becc 0000 | 0083 c702 | 89be cc00 | 0000 81e7 | feff 1f00 
  0x0000020f3dce263c: 83ff 000f | 847b 0000 | 0048 83c4 

  0x0000020f3dce2648: ;   {poll_return}
  0x0000020f3dce2648: 605d 493b | a750 0300 | 000f 878a | 0000 00c3 

  0x0000020f3dce2658: ;   {metadata({method} {0x0000020f4f0303d8} 'doPrivileged' '(Ljava/security/PrivilegedAction;)Ljava/lang/Object;' in 'java/security/AccessController')}
  0x0000020f3dce2658: 49ba d003 | 034f 0f02 | 0000 4c89 | 5424 0848 | c704 24ff 

  0x0000020f3dce266c: ;   {runtime_call counter_overflow Runtime1 stub}
  0x0000020f3dce266c: ffff ffe8 

  0x0000020f3dce2670: ; ImmutableOopMap {rdx=Oop }
                      ;*synchronization entry
                      ; - java.security.AccessController::doPrivileged@-1
  0x0000020f3dce2670: 0c53 2e07 | e91b feff 

  0x0000020f3dce2678: ;   {metadata({method} {0x0000020f4f030ef8} 'executePrivileged' '(Ljava/security/PrivilegedAction;Ljava/security/AccessControlContext;Ljava/lang/Class;)Ljava/lang/Object;' in 'java/security/AccessController')}
  0x0000020f3dce2678: ff49 baf0 | 0e03 4f0f | 0200 004c | 8954 2408 | 48c7 0424 | ffff ffff 

  0x0000020f3dce2690: ;   {runtime_call counter_overflow Runtime1 stub}
  0x0000020f3dce2690: e8eb 522e 

  0x0000020f3dce2694: ; ImmutableOopMap {[64]=Oop rax=Oop }
                      ;*synchronization entry
                      ; - java.security.AccessController::executePrivileged@-1
                      ; - java.security.AccessController::doPrivileged@5
  0x0000020f3dce2694: 07e9 54fe 

  0x0000020f3dce2698: ;   {runtime_call throw_null_pointer_exception Runtime1 stub}
  0x0000020f3dce2698: ffff e801 

  0x0000020f3dce269c: ; ImmutableOopMap {rdx=Oop [72]=Oop }
                      ;*invokeinterface run {reexecute=0 rethrow=0 return_oop=0}
                      ; - java.security.AccessController::executePrivileged@29
                      ; - java.security.AccessController::doPrivileged@5
                      ;   {metadata({method} {0x0000020f4f035da8} 'reachabilityFence' '(Ljava/lang/Object;)V' in 'java/lang/ref/Reference')}
  0x0000020f3dce269c: 022e 0749 | baa0 5d03 | 4f0f 0200 | 004c 8954 | 2408 48c7 | 0424 ffff 

  0x0000020f3dce26b4: ;   {runtime_call counter_overflow Runtime1 stub}
  0x0000020f3dce26b4: ffff e8c5 

  0x0000020f3dce26b8: ; ImmutableOopMap {rax=Oop rsi=Oop }
                      ;*synchronization entry
                      ; - java.lang.ref.Reference::reachabilityFence@-1
                      ; - java.security.AccessController::executePrivileged@56
                      ; - java.security.AccessController::doPrivileged@5
  0x0000020f3dce26b8: 522e 07e9 | 4bff ffff 

  0x0000020f3dce26c0: ;   {metadata({method} {0x0000020f4f035da8} 'reachabilityFence' '(Ljava/lang/Object;)V' in 'java/lang/ref/Reference')}
  0x0000020f3dce26c0: 49ba a05d | 034f 0f02 | 0000 4c89 | 5424 0848 | c704 24ff 

  0x0000020f3dce26d4: ;   {runtime_call counter_overflow Runtime1 stub}
  0x0000020f3dce26d4: ffff ffe8 

  0x0000020f3dce26d8: ; ImmutableOopMap {rax=Oop }
                      ;*synchronization entry
                      ; - java.lang.ref.Reference::reachabilityFence@-1
                      ; - java.security.AccessController::executePrivileged@60
                      ; - java.security.AccessController::doPrivileged@5
  0x0000020f3dce26d8: a452 2e07 | e964 ffff 

  0x0000020f3dce26e0: ;   {internal_word}
  0x0000020f3dce26e0: ff49 ba4a | 26ce 3d0f | 0200 004d | 8997 6803 

  0x0000020f3dce26f0: ;   {runtime_call SafepointBlob}
  0x0000020f3dce26f0: 0000 e909 | 5024 0790 | 9049 8b87 | e003 0000 | 49c7 87e0 | 0300 0000 | 0000 0049 | c787 e803 
  0x0000020f3dce2710: 0000 0000 | 0000 4883 

  0x0000020f3dce2718: ;   {runtime_call unwind_exception Runtime1 stub}
  0x0000020f3dce2718: c460 5de9 | e021 2507 
[Stub Code]
  0x0000020f3dce2720: ;   {no_reloc}
  0x0000020f3dce2720: 0f1f 4400 

  0x0000020f3dce2724: ;   {static_stub}
  0x0000020f3dce2724: 0048 bb00 | 0000 0000 

  0x0000020f3dce272c: ;   {runtime_call}
  0x0000020f3dce272c: 0000 00e9 | fbff ffff 

  0x0000020f3dce2734: ;   {static_stub}
  0x0000020f3dce2734: 9048 bb00 | 0000 0000 

  0x0000020f3dce273c: ;   {runtime_call}
  0x0000020f3dce273c: 0000 00e9 | fbff ffff 
[Exception Handler]
  0x0000020f3dce2744: ;   {runtime_call handle_exception_from_callee Runtime1 stub}
  0x0000020f3dce2744: e837 1f2e 

  0x0000020f3dce2748: ;   {external_word}
  0x0000020f3dce2748: 0748 b940 | 9ac6 23fd | 7f00 0048 

  0x0000020f3dce2754: ;   {runtime_call}
  0x0000020f3dce2754: 83e4 f049 | ba60 2f8f | 23fd 7f00 | 0041 ffd2 

  0x0000020f3dce2764: ;   {section_word}
  0x0000020f3dce2764: f449 ba65 | 27ce 3d0f | 0200 0041 

  0x0000020f3dce2770: ;   {runtime_call DeoptimizationBlob}
  0x0000020f3dce2770: 52e9 2a42 | 2407 f4f4 
[/MachCode]


Compiled method (c1)   12194  890       3       java.security.AccessController::executePrivileged (65 bytes)
 total in heap  [0x0000020f3db16f10,0x0000020f3db174f8] = 1512
 relocation     [0x0000020f3db17068,0x0000020f3db170c8] = 96
 main code      [0x0000020f3db170e0,0x0000020f3db17380] = 672
 stub code      [0x0000020f3db17380,0x0000020f3db173d8] = 88
 metadata       [0x0000020f3db173d8,0x0000020f3db173e8] = 16
 scopes data    [0x0000020f3db173e8,0x0000020f3db17460] = 120
 scopes pcs     [0x0000020f3db17460,0x0000020f3db174e0] = 128
 dependencies   [0x0000020f3db174e0,0x0000020f3db174e8] = 8
 nul chk table  [0x0000020f3db174e8,0x0000020f3db174f8] = 16

[Constant Pool (empty)]

[MachCode]
[Verified Entry Point]
  # {method} {0x0000020f4f030fe8} 'executePrivileged' '(Ljava/security/PrivilegedExceptionAction;Ljava/security/AccessControlContext;Ljava/lang/Class;)Ljava/lang/Object;' in 'java/security/AccessController'
  # parm0:    rdx:rdx   = 'java/security/PrivilegedExceptionAction'
  # parm1:    r8:r8     = 'java/security/AccessControlContext'
  # parm2:    r9:r9     = 'java/lang/Class'
  #           [sp+0x50]  (sp of caller)
  0x0000020f3db170e0: 8984 2400 | 90ff ff55 | 4883 ec40 | 4c89 4424 

  0x0000020f3db170f0: ;   {metadata(method data for {method} {0x0000020f4f030fe8} 'executePrivileged' '(Ljava/security/PrivilegedExceptionAction;Ljava/security/AccessControlContext;Ljava/lang/Class;)Ljava/lang/Object;' in 'java/security/AccessController')}
  0x0000020f3db170f0: 3048 be98 | 279b 4f0f | 0200 008b | becc 0000 | 0083 c702 | 89be cc00 | 0000 81e7 | fe07 0000 
  0x0000020f3db17110: 83ff 000f | 84b7 0100 | 0049 83f8 

  0x0000020f3db1711c: ;   {metadata(method data for {method} {0x0000020f4f030fe8} 'executePrivileged' '(Ljava/security/PrivilegedExceptionAction;Ljava/security/AccessControlContext;Ljava/lang/Class;)Ljava/lang/Object;' in 'java/security/AccessController')}
  0x0000020f3db1711c: 0048 be98 | 279b 4f0f | 0200 0048 | bf10 0100 | 0000 0000 | 000f 840a | 0000 0048 | bf20 0100 
  0x0000020f3db1713c: 0000 0000 | 0048 8b1c | 3e48 8d5b | 0148 891c | 3e4c 894c | 2428 4889 | 5424 200f | 841f 0000 
  0x0000020f3db1715c: ;   {metadata(method data for {method} {0x0000020f4f030fe8} 'executePrivileged' '(Ljava/security/PrivilegedExceptionAction;Ljava/security/AccessControlContext;Ljava/lang/Class;)Ljava/lang/Object;' in 'java/security/AccessController')}
  0x0000020f3db1715c: 0048 be98 | 279b 4f0f | 0200 0048 | 8386 3001 | 0000 0149 | 8bd0 0f1f 

  0x0000020f3db17174: ;   {static_call}
  0x0000020f3db17174: 4400 00e8 

  0x0000020f3db17178: ; ImmutableOopMap {[32]=Oop [40]=Oop [48]=Oop }
                      ;*invokestatic ensureMaterializedForStackWalk {reexecute=0 rethrow=0 return_oop=0}
                      ; - java.security.AccessController::executePrivileged@5
  0x0000020f3db17178: 3c9c 9d07 

  0x0000020f3db1717c: ;   {metadata(method data for {method} {0x0000020f4f030fe8} 'executePrivileged' '(Ljava/security/PrivilegedExceptionAction;Ljava/security/AccessControlContext;Ljava/lang/Class;)Ljava/lang/Object;' in 'java/security/AccessController')}
  0x0000020f3db1717c: 48ba 9827 | 9b4f 0f02 | 0000 ff82 | 4001 0000 | 488b 5424 | 2048 3b02 

  0x0000020f3db17194: ;   {metadata(method data for {method} {0x0000020f4f030fe8} 'executePrivileged' '(Ljava/security/PrivilegedExceptionAction;Ljava/security/AccessControlContext;Ljava/lang/Class;)Ljava/lang/Object;' in 'java/security/AccessController')}
  0x0000020f3db17194: 488b f248 | bf98 279b | 4f0f 0200 | 008b 7608 | 48c1 e603 | 483b b7b0 | 0100 0075 | 0d48 8387 
  0x0000020f3db171b4: b801 0000 | 01e9 6600 | 0000 483b | b7c0 0100 | 0075 0d48 | 8387 c801 | 0000 01e9 | 5000 0000 
  0x0000020f3db171d4: 4881 bfb0 | 0100 0000 | 0000 0075 | 1748 89b7 | b001 0000 | 48c7 87b8 | 0100 0001 | 0000 00e9 
  0x0000020f3db171f4: 2c00 0000 | 4881 bfc0 | 0100 0000 | 0000 0075 | 1748 89b7 | c001 0000 | 48c7 87c8 | 0100 0001 
  0x0000020f3db17214: 0000 00e9 | 0800 0000 | 4883 87a0 | 0100 0001 | 9048 b840 | 3947 550f 

  0x0000020f3db1722c: ;   {virtual_call}
  0x0000020f3db1722c: 0200 00e8 

  0x0000020f3db17230: ; ImmutableOopMap {[40]=Oop [48]=Oop }
                      ;*invokeinterface run {reexecute=0 rethrow=0 return_oop=0}
                      ; - java.security.AccessController::executePrivileged@29
  0x0000020f3db17230: b46a 4b07 

  0x0000020f3db17234: ;   {metadata(method data for {method} {0x0000020f4f030fe8} 'executePrivileged' '(Ljava/security/PrivilegedExceptionAction;Ljava/security/AccessControlContext;Ljava/lang/Class;)Ljava/lang/Object;' in 'java/security/AccessController')}
  0x0000020f3db17234: 48be 9827 | 9b4f 0f02 | 0000 ff86 | d801 0000 | 4c8b 4c24 

  0x0000020f3db17248: ;   {metadata(method data for {method} {0x0000020f4f030fe8} 'executePrivileged' '(Ljava/security/PrivilegedExceptionAction;Ljava/security/AccessControlContext;Ljava/lang/Class;)Ljava/lang/Object;' in 'java/security/AccessController')}
  0x0000020f3db17248: 2848 be98 | 279b 4f0f | 0200 0048 | 8386 3802 

  0x0000020f3db17258: ;   {metadata(method data for {method} {0x0000020f4f035da8} 'reachabilityFence' '(Ljava/lang/Object;)V' in 'java/lang/ref/Reference')}
  0x0000020f3db17258: 0000 0148 | be60 805e | 4f0f 0200 | 008b becc | 0000 0083 | c702 89be | cc00 0000 | 81e7 feff 
  0x0000020f3db17278: 1f00 83ff | 000f 8473 

  0x0000020f3db17280: ;   {metadata(method data for {method} {0x0000020f4f030fe8} 'executePrivileged' '(Ljava/security/PrivilegedExceptionAction;Ljava/security/AccessControlContext;Ljava/lang/Class;)Ljava/lang/Object;' in 'java/security/AccessController')}
  0x0000020f3db17280: 0000 0048 | be98 279b | 4f0f 0200 | 0048 8386 | 4802 0000 

  0x0000020f3db17294: ;   {metadata(method data for {method} {0x0000020f4f035da8} 'reachabilityFence' '(Ljava/lang/Object;)V' in 'java/lang/ref/Reference')}
  0x0000020f3db17294: 0148 be60 | 805e 4f0f | 0200 008b | becc 0000 | 0083 c702 | 89be cc00 | 0000 81e7 | feff 1f00 
  0x0000020f3db172b4: 83ff 000f | 845a 0000 | 0048 83c4 

  0x0000020f3db172c0: ;   {poll_return}
  0x0000020f3db172c0: 405d 493b | a750 0300 | 000f 8766 | 0000 00c3 

  0x0000020f3db172d0: ;   {metadata({method} {0x0000020f4f030fe8} 'executePrivileged' '(Ljava/security/PrivilegedExceptionAction;Ljava/security/AccessControlContext;Ljava/lang/Class;)Ljava/lang/Object;' in 'java/security/AccessController')}
  0x0000020f3db172d0: 49ba e00f | 034f 0f02 | 0000 4c89 | 5424 0848 | c704 24ff 

  0x0000020f3db172e4: ;   {runtime_call counter_overflow Runtime1 stub}
  0x0000020f3db172e4: ffff ffe8 

  0x0000020f3db172e8: ; ImmutableOopMap {rdx=Oop r8=Oop [48]=Oop r9=Oop }
                      ;*synchronization entry
                      ; - java.security.AccessController::executePrivileged@-1
  0x0000020f3db172e8: 9406 4b07 | e928 feff 

  0x0000020f3db172f0: ;   {runtime_call throw_null_pointer_exception Runtime1 stub}
  0x0000020f3db172f0: ffe8 aab5 

  0x0000020f3db172f4: ; ImmutableOopMap {[40]=Oop rdx=Oop [48]=Oop }
                      ;*invokeinterface run {reexecute=0 rethrow=0 return_oop=0}
                      ; - java.security.AccessController::executePrivileged@29
                      ;   {metadata({method} {0x0000020f4f035da8} 'reachabilityFence' '(Ljava/lang/Object;)V' in 'java/lang/ref/Reference')}
  0x0000020f3db172f4: 4a07 49ba | a05d 034f | 0f02 0000 | 4c89 5424 | 0848 c704 | 24ff ffff 

  0x0000020f3db1730c: ;   {runtime_call counter_overflow Runtime1 stub}
  0x0000020f3db1730c: ffe8 6e06 

  0x0000020f3db17310: ; ImmutableOopMap {rax=Oop r9=Oop }
                      ;*synchronization entry
                      ; - java.lang.ref.Reference::reachabilityFence@-1
                      ; - java.security.AccessController::executePrivileged@56
  0x0000020f3db17310: 4b07 e96c 

  0x0000020f3db17314: ;   {metadata({method} {0x0000020f4f035da8} 'reachabilityFence' '(Ljava/lang/Object;)V' in 'java/lang/ref/Reference')}
  0x0000020f3db17314: ffff ff49 | baa0 5d03 | 4f0f 0200 | 004c 8954 | 2408 48c7 | 0424 ffff 

  0x0000020f3db1732c: ;   {runtime_call counter_overflow Runtime1 stub}
  0x0000020f3db1732c: ffff e84d 

  0x0000020f3db17330: ; ImmutableOopMap {rax=Oop }
                      ;*synchronization entry
                      ; - java.lang.ref.Reference::reachabilityFence@-1
                      ; - java.security.AccessController::executePrivileged@60
  0x0000020f3db17330: 064b 07eb 

  0x0000020f3db17334: ;   {internal_word}
  0x0000020f3db17334: 8849 bac2 | 72b1 3d0f | 0200 004d | 8997 6803 

  0x0000020f3db17344: ;   {runtime_call SafepointBlob}
  0x0000020f3db17344: 0000 e9b5 | 0341 0790 | 9049 8b87 | e003 0000 | 49c7 87e0 | 0300 0000 | 0000 0049 | c787 e803 
  0x0000020f3db17364: 0000 0000 | 0000 4883 

  0x0000020f3db1736c: ;   {runtime_call unwind_exception Runtime1 stub}
  0x0000020f3db1736c: c440 5de9 | 8cd5 4107 | f4f4 f4f4 | f4f4 f4f4 | f4f4 f4f4 
[Stub Code]
  0x0000020f3db17380: ;   {no_reloc}
  0x0000020f3db17380: 0f1f 4400 

  0x0000020f3db17384: ;   {static_stub}
  0x0000020f3db17384: 0048 bb58 | 0d03 4f0f 

  0x0000020f3db1738c: ;   {runtime_call I2C/C2I adapters}
  0x0000020f3db1738c: 0200 00e9 | bce6 4007 

  0x0000020f3db17394: ;   {static_stub}
  0x0000020f3db17394: 9048 bb00 | 0000 0000 

  0x0000020f3db1739c: ;   {runtime_call}
  0x0000020f3db1739c: 0000 00e9 | fbff ffff 
[Exception Handler]
  0x0000020f3db173a4: ;   {runtime_call handle_exception_from_callee Runtime1 stub}
  0x0000020f3db173a4: e8d7 d24a 

  0x0000020f3db173a8: ;   {external_word}
  0x0000020f3db173a8: 0748 b940 | 9ac6 23fd | 7f00 0048 

  0x0000020f3db173b4: ;   {runtime_call}
  0x0000020f3db173b4: 83e4 f049 | ba60 2f8f | 23fd 7f00 | 0041 ffd2 

  0x0000020f3db173c4: ;   {section_word}
  0x0000020f3db173c4: f449 bac5 | 73b1 3d0f | 0200 0041 

  0x0000020f3db173d0: ;   {runtime_call DeoptimizationBlob}
  0x0000020f3db173d0: 52e9 caf5 | 4007 f4f4 
[/MachCode]


---------------  P R O C E S S  ---------------

Threads class SMR info:
_java_thread_list=0x0000020f55c7efe0, length=23, elements={
0x0000020f3ad08990, 0x0000020f3adb9e90, 0x0000020f3adbb3c0, 0x0000020f4eb9e5f0,
0x0000020f53c41c30, 0x0000020f53c429c0, 0x0000020f53c44500, 0x0000020f53c4b620,
0x0000020f53c55e90, 0x0000020f53c5e790, 0x0000020f53d0d030, 0x0000020f53fb8a10,
0x0000020f557c9ab0, 0x0000020f558bcee0, 0x0000020f553c9720, 0x0000020f55280f00,
0x0000020f54ee1130, 0x0000020f55223780, 0x0000020f552241a0, 0x0000020f552209f0,
0x0000020f55222d60, 0x0000020f55223c90, 0x0000020f55221410
}

Java Threads: ( => current thread )
  0x0000020f3ad08990 JavaThread "main" [_thread_blocked, id=2060, stack(0x000000b478b00000,0x000000b478c00000)]
  0x0000020f3adb9e90 JavaThread "Reference Handler" daemon [_thread_blocked, id=4440, stack(0x000000b478e00000,0x000000b478f00000)]
  0x0000020f3adbb3c0 JavaThread "Finalizer" daemon [_thread_blocked, id=6680, stack(0x000000b478f00000,0x000000b479000000)]
  0x0000020f4eb9e5f0 JavaThread "Signal Dispatcher" daemon [_thread_blocked, id=7576, stack(0x000000b479000000,0x000000b479100000)]
  0x0000020f53c41c30 JavaThread "Attach Listener" daemon [_thread_blocked, id=21472, stack(0x000000b479100000,0x000000b479200000)]
  0x0000020f53c429c0 JavaThread "Service Thread" daemon [_thread_blocked, id=11988, stack(0x000000b479200000,0x000000b479300000)]
  0x0000020f53c44500 JavaThread "Monitor Deflation Thread" daemon [_thread_blocked, id=3556, stack(0x000000b479300000,0x000000b479400000)]
  0x0000020f53c4b620 JavaThread "C2 CompilerThread0" daemon [_thread_blocked, id=21452, stack(0x000000b479400000,0x000000b479500000)]
  0x0000020f53c55e90 JavaThread "C1 CompilerThread0" daemon [_thread_blocked, id=15936, stack(0x000000b479500000,0x000000b479600000)]
  0x0000020f53c5e790 JavaThread "Sweeper thread" daemon [_thread_blocked, id=7596, stack(0x000000b479600000,0x000000b479700000)]
  0x0000020f53d0d030 JavaThread "Common-Cleaner" daemon [_thread_blocked, id=1452, stack(0x000000b479700000,0x000000b479800000)]
  0x0000020f53fb8a10 JavaThread "Notification Thread" daemon [_thread_blocked, id=19628, stack(0x000000b479900000,0x000000b479a00000)]
  0x0000020f557c9ab0 JavaThread "Active Thread: Equinox Container: f4f8d45b-8cdf-4a9f-a79f-d9785a93e396" [_thread_blocked, id=17876, stack(0x000000b47a200000,0x000000b47a300000)]
  0x0000020f558bcee0 JavaThread "Framework Event Dispatcher: Equinox Container: f4f8d45b-8cdf-4a9f-a79f-d9785a93e396" daemon [_thread_blocked, id=22172, stack(0x000000b479800000,0x000000b479900000)]
=>0x0000020f553c9720 JavaThread "Start Level: Equinox Container: f4f8d45b-8cdf-4a9f-a79f-d9785a93e396" daemon [_thread_in_native, id=15444, stack(0x000000b479b00000,0x000000b479c00000)]
  0x0000020f55280f00 JavaThread "SCR Component Actor" daemon [_thread_blocked, id=14332, stack(0x000000b47a300000,0x000000b47a400000)]
  0x0000020f54ee1130 JavaThread "SCR Component Registry" daemon [_thread_blocked, id=20532, stack(0x000000b47a500000,0x000000b47a600000)]
  0x0000020f55223780 JavaThread "Worker-JM" [_thread_blocked, id=4688, stack(0x000000b47a600000,0x000000b47a700000)]
  0x0000020f552241a0 JavaThread "Worker-0" [_thread_blocked, id=17676, stack(0x000000b47a700000,0x000000b47a800000)]
  0x0000020f552209f0 JavaThread "Worker-1" [_thread_blocked, id=19840, stack(0x000000b47a800000,0x000000b47a900000)]
  0x0000020f55222d60 JavaThread "SeedGenerator Thread" daemon [_thread_in_Java, id=19888, stack(0x000000b47a900000,0x000000b47aa00000)]
  0x0000020f55223c90 JavaThread "SeedGenerator Thread" daemon [_thread_blocked, id=14316, stack(0x000000b47aa00000,0x000000b47ab00000)]
  0x0000020f55221410 JavaThread "SeedGenerator Thread" daemon [_thread_blocked, id=14196, stack(0x000000b47ac00000,0x000000b47ad00000)]

Other Threads:
  0x0000020f3ad922c0 VMThread "VM Thread" [stack: 0x000000b478d00000,0x000000b478e00000] [id=21356]
  0x0000020f54e47f20 WatcherThread [stack: 0x000000b479a00000,0x000000b479b00000] [id=19696]
  0x0000020f3ad1e340 GCTaskThread "GC Thread#0" [stack: 0x000000b478c00000,0x000000b478d00000] [id=21340]
  0x0000020f55538890 GCTaskThread "GC Thread#1" [stack: 0x000000b479c00000,0x000000b479d00000] [id=11044]
  0x0000020f55539180 GCTaskThread "GC Thread#2" [stack: 0x000000b479d00000,0x000000b479e00000] [id=20408]
  0x0000020f55539440 GCTaskThread "GC Thread#3" [stack: 0x000000b479e00000,0x000000b479f00000] [id=15040]
  0x0000020f55717060 GCTaskThread "GC Thread#4" [stack: 0x000000b479f00000,0x000000b47a000000] [id=21972]
  0x0000020f5547ba60 GCTaskThread "GC Thread#5" [stack: 0x000000b47a000000,0x000000b47a100000] [id=20712]
  0x0000020f5547c130 GCTaskThread "GC Thread#6" [stack: 0x000000b47a100000,0x000000b47a200000] [id=20680]
  0x0000020f54f9d450 GCTaskThread "GC Thread#7" [stack: 0x000000b47a400000,0x000000b47a500000] [id=20620]

Threads with active compile tasks:

VM state: not at safepoint (normal execution)

VM Mutex/Monitor currently owned by a thread: None

Heap address: 0x00000000c0000000, size: 1024 MB, Compressed Oops mode: 32-bit

CDS archive(s) not mapped
Compressed class space mapped at: 0x0000000100000000-0x0000000140000000, reserved size: 1073741824
Narrow klass base: 0x0000000000000000, Narrow klass shift: 3, Narrow klass range: 0x140000000

GC Precious Log:
 CPUs: 8 total, 8 available
 Memory: 8036M
 Large Page Support: Disabled
 NUMA Support: Disabled
 Compressed Oops: Enabled (32-bit)
 Alignments: Space 512K, Generation 512K, Heap 2M
 Heap Min Capacity: 100M
 Heap Initial Capacity: 100M
 Heap Max Capacity: 1G
 Pre-touch: Disabled
 Parallel Workers: 8

Heap:
 PSYoungGen      total 26112K, used 4249K [0x00000000eab00000, 0x00000000ec780000, 0x0000000100000000)
  eden space 24576K, 12% used [0x00000000eab00000,0x00000000eadf67b8,0x00000000ec300000)
  from space 1536K, 79% used [0x00000000ec600000,0x00000000ec72fd78,0x00000000ec780000)
  to   space 1536K, 0% used [0x00000000ec480000,0x00000000ec480000,0x00000000ec600000)
 ParOldGen       total 68608K, used 6633K [0x00000000c0000000, 0x00000000c4300000, 0x00000000eab00000)
  object space 68608K, 9% used [0x00000000c0000000,0x00000000c067a7e0,0x00000000c4300000)
 Metaspace       used 27881K, committed 28352K, reserved 1114112K
  class space    used 2694K, committed 2880K, reserved 1048576K

Card table byte_map: [0x0000020f3a6d0000,0x0000020f3a8e0000] _byte_map_base: 0x0000020f3a0d0000

Marking Bits: (ParMarkBitMap*) 0x00007ffd23edd0b0
 Begin Bits: [0x0000020f4c9a0000, 0x0000020f4d9a0000)
 End Bits:   [0x0000020f4d9a0000, 0x0000020f4e9a0000)

Polling page: 0x0000020f3a4c0000

Metaspace:

Usage:
  Non-class:     24.60 MB used.
      Class:      2.63 MB used.
       Both:     27.23 MB used.

Virtual space:
  Non-class space:       64.00 MB reserved,      24.88 MB ( 39%) committed,  1 nodes.
      Class space:        1.00 GB reserved,       2.81 MB ( <1%) committed,  1 nodes.
             Both:        1.06 GB reserved,      27.69 MB (  3%) committed. 

Chunk freelists:
   Non-Class:  6.65 MB
       Class:  13.00 MB
        Both:  19.66 MB

MaxMetaspaceSize: unlimited
CompressedClassSpaceSize: 1.00 GB
Initial GC threshold: 21.00 MB
Current GC threshold: 35.00 MB
CDS: off
MetaspaceReclaimPolicy: balanced
 - commit_granule_bytes: 65536.
 - commit_granule_words: 8192.
 - virtual_space_node_default_size: 8388608.
 - enlarge_chunks_in_place: 1.
 - new_chunks_are_fully_committed: 0.
 - uncommit_free_chunks: 1.
 - use_allocation_guard: 0.
 - handle_deallocations: 1.


Internal statistics:

num_allocs_failed_limit: 3.
num_arena_births: 282.
num_arena_deaths: 14.
num_vsnodes_births: 2.
num_vsnodes_deaths: 0.
num_space_committed: 443.
num_space_uncommitted: 0.
num_chunks_returned_to_freelist: 17.
num_chunks_taken_from_freelist: 1031.
num_chunk_merges: 4.
num_chunk_splits: 686.
num_chunks_enlarged: 479.
num_inconsistent_stats: 0.

CodeHeap 'non-profiled nmethods': size=120000Kb used=1024Kb max_used=1024Kb free=118975Kb
 bounds [0x0000020f45470000, 0x0000020f456e0000, 0x0000020f4c9a0000]
CodeHeap 'profiled nmethods': size=120000Kb used=4930Kb max_used=4930Kb free=115069Kb
 bounds [0x0000020f3d9a0000, 0x0000020f3de80000, 0x0000020f44ed0000]
CodeHeap 'non-nmethods': size=5760Kb used=1229Kb max_used=1256Kb free=4531Kb
 bounds [0x0000020f44ed0000, 0x0000020f45140000, 0x0000020f45470000]
 total_blobs=2988 nmethods=2445 adapters=457
 compilation: enabled
              stopped_count=0, restarted_count=0
 full_count=0

Compilation events (20 events):
Event: 10.607 Thread 0x0000020f53c55e90 2434       3       java.lang.ProcessEnvironment$NameComparator::compare (13 bytes)
Event: 10.607 Thread 0x0000020f53c55e90 nmethod 2434 0x0000020f3de66a10 code [0x0000020f3de66bc0, 0x0000020f3de66ec8]
Event: 10.607 Thread 0x0000020f53c55e90 2435       3       java.lang.ProcessEnvironment$NameComparator::compare (90 bytes)
Event: 10.613 Thread 0x0000020f53c55e90 nmethod 2435 0x0000020f3de66f90 code [0x0000020f3de672a0, 0x0000020f3de684b8]
Event: 10.622 Thread 0x0000020f53c4b620 2436       4       java.util.ArrayList$SubList$1::next (85 bytes)
Event: 10.628 Thread 0x0000020f53c4b620 nmethod 2436 0x0000020f4556e190 code [0x0000020f4556e320, 0x0000020f4556e478]
Event: 11.008 Thread 0x0000020f53c55e90 2437       3       java.util.HashSet::contains (9 bytes)
Event: 11.008 Thread 0x0000020f53c55e90 nmethod 2437 0x0000020f3de68d90 code [0x0000020f3de68f40, 0x0000020f3de69108]
Event: 11.068 Thread 0x0000020f53c55e90 2438       3       jdk.internal.reflect.ReflectionFactory::getExecutableSharedParameterTypes (11 bytes)
Event: 11.069 Thread 0x0000020f53c55e90 nmethod 2438 0x0000020f3de69210 code [0x0000020f3de693c0, 0x0000020f3de69628]
Event: 11.069 Thread 0x0000020f53c55e90 2440       3       java.lang.invoke.MethodHandles$Lookup::in (283 bytes)
Event: 11.079 Thread 0x0000020f53c55e90 nmethod 2440 0x0000020f3de69790 code [0x0000020f3de69bc0, 0x0000020f3de6b688]
Event: 11.079 Thread 0x0000020f53c55e90 2439       3       java.lang.reflect.ReflectAccess::getExecutableSharedParameterTypes (5 bytes)
Event: 11.080 Thread 0x0000020f53c55e90 nmethod 2439 0x0000020f3de6bf90 code [0x0000020f3de6c140, 0x0000020f3de6c308]
Event: 11.096 Thread 0x0000020f53c4b620 2442       4       java.util.HashMap::putVal (300 bytes)
Event: 11.133 Thread 0x0000020f53c55e90 2443       3       sun.security.provider.SHA::implCompress0 (506 bytes)
Event: 11.136 Thread 0x0000020f53c55e90 nmethod 2443 0x0000020f3de6c410 code [0x0000020f3de6c620, 0x0000020f3de6d028]
Event: 11.136 Thread 0x0000020f53c55e90 2444       3       java.security.MessageDigest$Delegate::engineUpdate (11 bytes)
Event: 11.137 Thread 0x0000020f53c55e90 nmethod 2444 0x0000020f3de6d510 code [0x0000020f3de6d6c0, 0x0000020f3de6d888]
Event: 11.155 Thread 0x0000020f53c4b620 nmethod 2442 0x0000020f4556e910 code [0x0000020f4556eb20, 0x0000020f4556f460]

GC Heap History (14 events):
Event: 1.304 GC heap before
{Heap before GC invocations=1 (full 0):
 PSYoungGen      total 29696K, used 25600K [0x00000000eab00000, 0x00000000ecc00000, 0x0000000100000000)
  eden space 25600K, 100% used [0x00000000eab00000,0x00000000ec400000,0x00000000ec400000)
  from space 4096K, 0% used [0x00000000ec800000,0x00000000ec800000,0x00000000ecc00000)
  to   space 4096K, 0% used [0x00000000ec400000,0x00000000ec400000,0x00000000ec800000)
 ParOldGen       total 68608K, used 0K [0x00000000c0000000, 0x00000000c4300000, 0x00000000eab00000)
  object space 68608K, 0% used [0x00000000c0000000,0x00000000c0000000,0x00000000c4300000)
 Metaspace       used 10999K, committed 11200K, reserved 1114112K
  class space    used 1099K, committed 1216K, reserved 1048576K
}
Event: 1.311 GC heap after
{Heap after GC invocations=1 (full 0):
 PSYoungGen      total 29696K, used 3204K [0x00000000eab00000, 0x00000000ecc00000, 0x0000000100000000)
  eden space 25600K, 0% used [0x00000000eab00000,0x00000000eab00000,0x00000000ec400000)
  from space 4096K, 78% used [0x00000000ec400000,0x00000000ec7211f0,0x00000000ec800000)
  to   space 4096K, 0% used [0x00000000ec800000,0x00000000ec800000,0x00000000ecc00000)
 ParOldGen       total 68608K, used 16K [0x00000000c0000000, 0x00000000c4300000, 0x00000000eab00000)
  object space 68608K, 0% used [0x00000000c0000000,0x00000000c0004000,0x00000000c4300000)
 Metaspace       used 10999K, committed 11200K, reserved 1114112K
  class space    used 1099K, committed 1216K, reserved 1048576K
}
Event: 6.549 GC heap before
{Heap before GC invocations=2 (full 0):
 PSYoungGen      total 29696K, used 28804K [0x00000000eab00000, 0x00000000ecc00000, 0x0000000100000000)
  eden space 25600K, 100% used [0x00000000eab00000,0x00000000ec400000,0x00000000ec400000)
  from space 4096K, 78% used [0x00000000ec400000,0x00000000ec7211f0,0x00000000ec800000)
  to   space 4096K, 0% used [0x00000000ec800000,0x00000000ec800000,0x00000000ecc00000)
 ParOldGen       total 68608K, used 16K [0x00000000c0000000, 0x00000000c4300000, 0x00000000eab00000)
  object space 68608K, 0% used [0x00000000c0000000,0x00000000c0004000,0x00000000c4300000)
 Metaspace       used 15168K, committed 15424K, reserved 1114112K
  class space    used 1540K, committed 1664K, reserved 1048576K
}
Event: 6.555 GC heap after
{Heap after GC invocations=2 (full 0):
 PSYoungGen      total 29696K, used 4082K [0x00000000eab00000, 0x00000000ecc00000, 0x0000000100000000)
  eden space 25600K, 0% used [0x00000000eab00000,0x00000000eab00000,0x00000000ec400000)
  from space 4096K, 99% used [0x00000000ec800000,0x00000000ecbfc8e8,0x00000000ecc00000)
  to   space 4096K, 0% used [0x00000000ec400000,0x00000000ec400000,0x00000000ec800000)
 ParOldGen       total 68608K, used 720K [0x00000000c0000000, 0x00000000c4300000, 0x00000000eab00000)
  object space 68608K, 1% used [0x00000000c0000000,0x00000000c00b4350,0x00000000c4300000)
 Metaspace       used 15168K, committed 15424K, reserved 1114112K
  class space    used 1540K, committed 1664K, reserved 1048576K
}
Event: 7.825 GC heap before
{Heap before GC invocations=3 (full 0):
 PSYoungGen      total 29696K, used 29674K [0x00000000eab00000, 0x00000000ecc00000, 0x0000000100000000)
  eden space 25600K, 99% used [0x00000000eab00000,0x00000000ec3fdfb8,0x00000000ec400000)
  from space 4096K, 99% used [0x00000000ec800000,0x00000000ecbfc8e8,0x00000000ecc00000)
  to   space 4096K, 0% used [0x00000000ec400000,0x00000000ec400000,0x00000000ec800000)
 ParOldGen       total 68608K, used 720K [0x00000000c0000000, 0x00000000c4300000, 0x00000000eab00000)
  object space 68608K, 1% used [0x00000000c0000000,0x00000000c00b4350,0x00000000c4300000)
 Metaspace       used 20222K, committed 20672K, reserved 1114112K
  class space    used 2068K, committed 2240K, reserved 1048576K
}
Event: 7.832 GC heap after
{Heap after GC invocations=3 (full 0):
 PSYoungGen      total 29696K, used 4093K [0x00000000eab00000, 0x00000000ecc00000, 0x0000000100000000)
  eden space 25600K, 0% used [0x00000000eab00000,0x00000000eab00000,0x00000000ec400000)
  from space 4096K, 99% used [0x00000000ec400000,0x00000000ec7ff7c8,0x00000000ec800000)
  to   space 4096K, 0% used [0x00000000ec800000,0x00000000ec800000,0x00000000ecc00000)
 ParOldGen       total 68608K, used 2511K [0x00000000c0000000, 0x00000000c4300000, 0x00000000eab00000)
  object space 68608K, 3% used [0x00000000c0000000,0x00000000c0273e88,0x00000000c4300000)
 Metaspace       used 20222K, committed 20672K, reserved 1114112K
  class space    used 2068K, committed 2240K, reserved 1048576K
}
Event: 8.122 GC heap before
{Heap before GC invocations=4 (full 0):
 PSYoungGen      total 29696K, used 9495K [0x00000000eab00000, 0x00000000ecc00000, 0x0000000100000000)
  eden space 25600K, 21% used [0x00000000eab00000,0x00000000eb046798,0x00000000ec400000)
  from space 4096K, 99% used [0x00000000ec400000,0x00000000ec7ff7c8,0x00000000ec800000)
  to   space 4096K, 0% used [0x00000000ec800000,0x00000000ec800000,0x00000000ecc00000)
 ParOldGen       total 68608K, used 2511K [0x00000000c0000000, 0x00000000c4300000, 0x00000000eab00000)
  object space 68608K, 3% used [0x00000000c0000000,0x00000000c0273e88,0x00000000c4300000)
 Metaspace       used 21082K, committed 21504K, reserved 1114112K
  class space    used 2162K, committed 2368K, reserved 1048576K
}
Event: 8.126 GC heap after
{Heap after GC invocations=4 (full 0):
 PSYoungGen      total 29696K, used 4093K [0x00000000eab00000, 0x00000000ecc00000, 0x0000000100000000)
  eden space 25600K, 0% used [0x00000000eab00000,0x00000000eab00000,0x00000000ec400000)
  from space 4096K, 99% used [0x00000000ec800000,0x00000000ecbff7c8,0x00000000ecc00000)
  to   space 4096K, 0% used [0x00000000ec400000,0x00000000ec400000,0x00000000ec800000)
 ParOldGen       total 68608K, used 2687K [0x00000000c0000000, 0x00000000c4300000, 0x00000000eab00000)
  object space 68608K, 3% used [0x00000000c0000000,0x00000000c029fe88,0x00000000c4300000)
 Metaspace       used 21082K, committed 21504K, reserved 1114112K
  class space    used 2162K, committed 2368K, reserved 1048576K
}
Event: 8.126 GC heap before
{Heap before GC invocations=5 (full 1):
 PSYoungGen      total 29696K, used 4093K [0x00000000eab00000, 0x00000000ecc00000, 0x0000000100000000)
  eden space 25600K, 0% used [0x00000000eab00000,0x00000000eab00000,0x00000000ec400000)
  from space 4096K, 99% used [0x00000000ec800000,0x00000000ecbff7c8,0x00000000ecc00000)
  to   space 4096K, 0% used [0x00000000ec400000,0x00000000ec400000,0x00000000ec800000)
 ParOldGen       total 68608K, used 2687K [0x00000000c0000000, 0x00000000c4300000, 0x00000000eab00000)
  object space 68608K, 3% used [0x00000000c0000000,0x00000000c029fe88,0x00000000c4300000)
 Metaspace       used 21082K, committed 21504K, reserved 1114112K
  class space    used 2162K, committed 2368K, reserved 1048576K
}
Event: 8.153 GC heap after
{Heap after GC invocations=5 (full 1):
 PSYoungGen      total 29696K, used 0K [0x00000000eab00000, 0x00000000ecc00000, 0x0000000100000000)
  eden space 25600K, 0% used [0x00000000eab00000,0x00000000eab00000,0x00000000ec400000)
  from space 4096K, 0% used [0x00000000ec800000,0x00000000ec800000,0x00000000ecc00000)
  to   space 4096K, 0% used [0x00000000ec400000,0x00000000ec400000,0x00000000ec800000)
 ParOldGen       total 68608K, used 6617K [0x00000000c0000000, 0x00000000c4300000, 0x00000000eab00000)
  object space 68608K, 9% used [0x00000000c0000000,0x00000000c06767e0,0x00000000c4300000)
 Metaspace       used 21069K, committed 21504K, reserved 1114112K
  class space    used 2158K, committed 2368K, reserved 1048576K
}
Event: 8.549 GC heap before
{Heap before GC invocations=6 (full 1):
 PSYoungGen      total 29696K, used 25600K [0x00000000eab00000, 0x00000000ecc00000, 0x0000000100000000)
  eden space 25600K, 100% used [0x00000000eab00000,0x00000000ec400000,0x00000000ec400000)
  from space 4096K, 0% used [0x00000000ec800000,0x00000000ec800000,0x00000000ecc00000)
  to   space 4096K, 0% used [0x00000000ec400000,0x00000000ec400000,0x00000000ec800000)
 ParOldGen       total 68608K, used 6617K [0x00000000c0000000, 0x00000000c4300000, 0x00000000eab00000)
  object space 68608K, 9% used [0x00000000c0000000,0x00000000c06767e0,0x00000000c4300000)
 Metaspace       used 24541K, committed 25024K, reserved 1114112K
  class space    used 2414K, committed 2624K, reserved 1048576K
}
Event: 8.551 GC heap after
{Heap after GC invocations=6 (full 1):
 PSYoungGen      total 26112K, used 634K [0x00000000eab00000, 0x00000000ec880000, 0x0000000100000000)
  eden space 25088K, 0% used [0x00000000eab00000,0x00000000eab00000,0x00000000ec380000)
  from space 1024K, 62% used [0x00000000ec400000,0x00000000ec49ebb8,0x00000000ec500000)
  to   space 2560K, 0% used [0x00000000ec600000,0x00000000ec600000,0x00000000ec880000)
 ParOldGen       total 68608K, used 6625K [0x00000000c0000000, 0x00000000c4300000, 0x00000000eab00000)
  object space 68608K, 9% used [0x00000000c0000000,0x00000000c06787e0,0x00000000c4300000)
 Metaspace       used 24541K, committed 25024K, reserved 1114112K
  class space    used 2414K, committed 2624K, reserved 1048576K
}
Event: 10.499 GC heap before
{Heap before GC invocations=7 (full 1):
 PSYoungGen      total 26112K, used 25722K [0x00000000eab00000, 0x00000000ec880000, 0x0000000100000000)
  eden space 25088K, 100% used [0x00000000eab00000,0x00000000ec380000,0x00000000ec380000)
  from space 1024K, 62% used [0x00000000ec400000,0x00000000ec49ebb8,0x00000000ec500000)
  to   space 2560K, 0% used [0x00000000ec600000,0x00000000ec600000,0x00000000ec880000)
 ParOldGen       total 68608K, used 6625K [0x00000000c0000000, 0x00000000c4300000, 0x00000000eab00000)
  object space 68608K, 9% used [0x00000000c0000000,0x00000000c06787e0,0x00000000c4300000)
 Metaspace       used 27372K, committed 27904K, reserved 1114112K
  class space    used 2642K, committed 2880K, reserved 1048576K
}
Event: 10.502 GC heap after
{Heap after GC invocations=7 (full 1):
 PSYoungGen      total 26112K, used 1215K [0x00000000eab00000, 0x00000000ec780000, 0x0000000100000000)
  eden space 24576K, 0% used [0x00000000eab00000,0x00000000eab00000,0x00000000ec300000)
  from space 1536K, 79% used [0x00000000ec600000,0x00000000ec72fd78,0x00000000ec780000)
  to   space 1536K, 0% used [0x00000000ec480000,0x00000000ec480000,0x00000000ec600000)
 ParOldGen       total 68608K, used 6633K [0x00000000c0000000, 0x00000000c4300000, 0x00000000eab00000)
  object space 68608K, 9% used [0x00000000c0000000,0x00000000c067a7e0,0x00000000c4300000)
 Metaspace       used 27372K, committed 27904K, reserved 1114112K
  class space    used 2642K, committed 2880K, reserved 1048576K
}

Dll operation events (9 events):
Event: 0.082 Loaded shared library c:\Users\rocka\.vscode\extensions\redhat.java-1.25.1-win32-x64\jre\17.0.9-win32-x86_64\bin\java.dll
Event: 0.301 Loaded shared library c:\Users\rocka\.vscode\extensions\redhat.java-1.25.1-win32-x64\jre\17.0.9-win32-x86_64\bin\zip.dll
Event: 0.304 Loaded shared library C:\Users\rocka\.vscode\extensions\redhat.java-1.25.1-win32-x64\jre\17.0.9-win32-x86_64\bin\instrument.dll
Event: 0.361 Loaded shared library C:\Users\rocka\.vscode\extensions\redhat.java-1.25.1-win32-x64\jre\17.0.9-win32-x86_64\bin\net.dll
Event: 0.407 Loaded shared library C:\Users\rocka\.vscode\extensions\redhat.java-1.25.1-win32-x64\jre\17.0.9-win32-x86_64\bin\nio.dll
Event: 0.416 Loaded shared library C:\Users\rocka\.vscode\extensions\redhat.java-1.25.1-win32-x64\jre\17.0.9-win32-x86_64\bin\zip.dll
Event: 0.434 Loaded shared library C:\Users\rocka\.vscode\extensions\redhat.java-1.25.1-win32-x64\jre\17.0.9-win32-x86_64\bin\jimage.dll
Event: 0.542 Loaded shared library c:\Users\rocka\.vscode\extensions\redhat.java-1.25.1-win32-x64\jre\17.0.9-win32-x86_64\bin\verify.dll
Event: 6.422 Loaded shared library C:\Users\rocka\AppData\Roaming\Code\User\globalStorage\redhat.java\1.25.1\config_ss_win\org.eclipse.equinox.launcher\org.eclipse.equinox.launcher.win32.win32.x86_64_1.2.800.v20231003-1442\eclipse_11802.dll

Deoptimization events (20 events):
Event: 10.595 Thread 0x0000020f553c9720 Uncommon trap: trap_request=0xffffffc6 fr.pc=0x0000020f454fc3f4 relative=0x00000000000009b4
Event: 10.595 Thread 0x0000020f553c9720 Uncommon trap: reason=bimorphic_or_optimized_type_check action=maybe_recompile pc=0x0000020f454fc3f4 method=java.util.HashMap.putVal(ILjava/lang/Object;Ljava/lang/Object;ZZ)Ljava/lang/Object; @ 56 c2
Event: 10.595 Thread 0x0000020f553c9720 DEOPT PACKING pc=0x0000020f454fc3f4 sp=0x000000b479bfdab0
Event: 10.595 Thread 0x0000020f553c9720 DEOPT UNPACKING pc=0x0000020f44f266a3 sp=0x000000b479bfda08 mode 2
Event: 10.596 Thread 0x0000020f553c9720 Uncommon trap: trap_request=0xffffffc6 fr.pc=0x0000020f454fc3f4 relative=0x00000000000009b4
Event: 10.596 Thread 0x0000020f553c9720 Uncommon trap: reason=bimorphic_or_optimized_type_check action=maybe_recompile pc=0x0000020f454fc3f4 method=java.util.HashMap.putVal(ILjava/lang/Object;Ljava/lang/Object;ZZ)Ljava/lang/Object; @ 56 c2
Event: 10.596 Thread 0x0000020f553c9720 DEOPT PACKING pc=0x0000020f454fc3f4 sp=0x000000b479bfdab0
Event: 10.596 Thread 0x0000020f553c9720 DEOPT UNPACKING pc=0x0000020f44f266a3 sp=0x000000b479bfda08 mode 2
Event: 10.596 Thread 0x0000020f553c9720 Uncommon trap: trap_request=0xffffffc6 fr.pc=0x0000020f454fc3f4 relative=0x00000000000009b4
Event: 10.596 Thread 0x0000020f553c9720 Uncommon trap: reason=bimorphic_or_optimized_type_check action=maybe_recompile pc=0x0000020f454fc3f4 method=java.util.HashMap.putVal(ILjava/lang/Object;Ljava/lang/Object;ZZ)Ljava/lang/Object; @ 56 c2
Event: 10.596 Thread 0x0000020f553c9720 DEOPT PACKING pc=0x0000020f454fc3f4 sp=0x000000b479bfdab0
Event: 10.596 Thread 0x0000020f553c9720 DEOPT UNPACKING pc=0x0000020f44f266a3 sp=0x000000b479bfda08 mode 2
Event: 10.596 Thread 0x0000020f553c9720 Uncommon trap: trap_request=0xffffffc6 fr.pc=0x0000020f454fc42c relative=0x00000000000009ec
Event: 10.596 Thread 0x0000020f553c9720 Uncommon trap: reason=bimorphic_or_optimized_type_check action=maybe_recompile pc=0x0000020f454fc42c method=java.util.HashMap.putVal(ILjava/lang/Object;Ljava/lang/Object;ZZ)Ljava/lang/Object; @ 152 c2
Event: 10.596 Thread 0x0000020f553c9720 DEOPT PACKING pc=0x0000020f454fc42c sp=0x000000b479bfdab0
Event: 10.596 Thread 0x0000020f553c9720 DEOPT UNPACKING pc=0x0000020f44f266a3 sp=0x000000b479bfda10 mode 2
Event: 10.596 Thread 0x0000020f553c9720 Uncommon trap: trap_request=0xffffffc6 fr.pc=0x0000020f454fc3f4 relative=0x00000000000009b4
Event: 10.596 Thread 0x0000020f553c9720 Uncommon trap: reason=bimorphic_or_optimized_type_check action=maybe_recompile pc=0x0000020f454fc3f4 method=java.util.HashMap.putVal(ILjava/lang/Object;Ljava/lang/Object;ZZ)Ljava/lang/Object; @ 56 c2
Event: 10.596 Thread 0x0000020f553c9720 DEOPT PACKING pc=0x0000020f454fc3f4 sp=0x000000b479bfdab0
Event: 10.596 Thread 0x0000020f553c9720 DEOPT UNPACKING pc=0x0000020f44f266a3 sp=0x000000b479bfda08 mode 2

Classes unloaded (7 events):
Event: 8.130 Thread 0x0000020f3ad922c0 Unloading class 0x000000010021a000 'java/lang/invoke/LambdaForm$MH+0x000000010021a000'
Event: 8.130 Thread 0x0000020f3ad922c0 Unloading class 0x0000000100219c00 'java/lang/invoke/LambdaForm$MH+0x0000000100219c00'
Event: 8.130 Thread 0x0000020f3ad922c0 Unloading class 0x0000000100219800 'java/lang/invoke/LambdaForm$MH+0x0000000100219800'
Event: 8.130 Thread 0x0000020f3ad922c0 Unloading class 0x0000000100219400 'java/lang/invoke/LambdaForm$MH+0x0000000100219400'
Event: 8.130 Thread 0x0000020f3ad922c0 Unloading class 0x0000000100219000 'java/lang/invoke/LambdaForm$BMH+0x0000000100219000'
Event: 8.130 Thread 0x0000020f3ad922c0 Unloading class 0x0000000100218c00 'java/lang/invoke/LambdaForm$DMH+0x0000000100218c00'
Event: 8.130 Thread 0x0000020f3ad922c0 Unloading class 0x0000000100216000 'java/lang/invoke/LambdaForm$DMH+0x0000000100216000'

Classes redefined (0 events):
No events

Internal exceptions (20 events):
Event: 7.745 Thread 0x0000020f553c9720 Exception <a 'java/lang/NoSuchMethodError'{0x00000000ec3709e8}: 'java.lang.Object java.lang.invoke.DirectMethodHandle$Holder.newInvokeSpecial(java.lang.Object, java.lang.Object, java.lang.Object, java.lang.Object, java.lang.Object)'> (0x00000000ec3709e8) 
thrown [s\src\hotspot\share\interpreter\linkResolver.cpp, line 759]
Event: 8.076 Thread 0x0000020f553c9720 Exception <a 'java/lang/NoSuchMethodError'{0x00000000eae1b8a8}: 'java.lang.Object java.lang.invoke.DirectMethodHandle$Holder.invokeSpecial(java.lang.Object, java.lang.Object, java.lang.Object, long, java.lang.Object)'> (0x00000000eae1b8a8) 
thrown [s\src\hotspot\share\interpreter\linkResolver.cpp, line 759]
Event: 8.078 Thread 0x0000020f553c9720 Exception <a 'java/lang/NoSuchMethodError'{0x00000000eae23a60}: 'java.lang.Object java.lang.invoke.DirectMethodHandle$Holder.newInvokeSpecial(java.lang.Object, java.lang.Object, java.lang.Object, long)'> (0x00000000eae23a60) 
thrown [s\src\hotspot\share\interpreter\linkResolver.cpp, line 759]
Event: 8.078 Thread 0x0000020f553c9720 Exception <a 'java/lang/NoSuchMethodError'{0x00000000eae28000}: 'java.lang.Object java.lang.invoke.DirectMethodHandle$Holder.invokeSpecial(java.lang.Object, java.lang.Object, java.lang.Object, java.lang.Object, long)'> (0x00000000eae28000) 
thrown [s\src\hotspot\share\interpreter\linkResolver.cpp, line 759]
Event: 8.078 Thread 0x0000020f553c9720 Exception <a 'java/lang/NoSuchMethodError'{0x00000000eae2be78}: 'java.lang.Object java.lang.invoke.Invokers$Holder.linkToTargetMethod(java.lang.Object, java.lang.Object, long, java.lang.Object)'> (0x00000000eae2be78) 
thrown [s\src\hotspot\share\interpreter\linkResolver.cpp, line 759]
Event: 8.091 Thread 0x0000020f553c9720 Exception <a 'java/lang/NoSuchMethodError'{0x00000000eaea8148}: 'int java.lang.invoke.DirectMethodHandle$Holder.invokeStaticInit(java.lang.Object, java.lang.Object, java.lang.Object)'> (0x00000000eaea8148) 
thrown [s\src\hotspot\share\interpreter\linkResolver.cpp, line 759]
Event: 8.101 Thread 0x0000020f553c9720 Exception <a 'java/lang/IncompatibleClassChangeError'{0x00000000eaf10568}: Found class java.lang.Object, but interface was expected> (0x00000000eaf10568) 
thrown [s\src\hotspot\share\interpreter\linkResolver.cpp, line 826]
Event: 8.105 Thread 0x0000020f553c9720 Exception <a 'java/lang/NoSuchMethodError'{0x00000000eaf223b0}: 'java.lang.Object java.lang.invoke.DirectMethodHandle$Holder.invokeSpecial(java.lang.Object, java.lang.Object, java.lang.Object, int, java.lang.Object, java.lang.Object)'> (0x00000000eaf223b0) 
thrown [s\src\hotspot\share\interpreter\linkResolver.cpp, line 759]
Event: 8.105 Thread 0x0000020f553c9720 Exception <a 'java/lang/NoSuchMethodError'{0x00000000eaf2ab38}: 'java.lang.Object java.lang.invoke.DirectMethodHandle$Holder.newInvokeSpecial(java.lang.Object, java.lang.Object, java.lang.Object, int, java.lang.Object)'> (0x00000000eaf2ab38) 
thrown [s\src\hotspot\share\interpreter\linkResolver.cpp, line 759]
Event: 8.106 Thread 0x0000020f553c9720 Exception <a 'java/lang/NoSuchMethodError'{0x00000000eaf2ef90}: 'java.lang.Object java.lang.invoke.DirectMethodHandle$Holder.invokeSpecial(java.lang.Object, java.lang.Object, java.lang.Object, java.lang.Object, int, java.lang.Object)'> (0x00000000eaf2ef90) 
thrown [s\src\hotspot\share\interpreter\linkResolver.cpp, line 759]
Event: 8.107 Thread 0x0000020f552241a0 Exception <a 'java/lang/NoSuchMethodError'{0x00000000eae4c668}: 'java.lang.Object java.lang.invoke.DirectMethodHandle$Holder.invokeSpecial(java.lang.Object, java.lang.Object, int, java.lang.Object, java.lang.Object)'> (0x00000000eae4c668) 
thrown [s\src\hotspot\share\interpreter\linkResolver.cpp, line 759]
Event: 8.108 Thread 0x0000020f552241a0 Exception <a 'java/lang/NoSuchMethodError'{0x00000000eae53d38}: 'java.lang.Object java.lang.invoke.DirectMethodHandle$Holder.newInvokeSpecial(java.lang.Object, java.lang.Object, int, java.lang.Object)'> (0x00000000eae53d38) 
thrown [s\src\hotspot\share\interpreter\linkResolver.cpp, line 759]
Event: 8.109 Thread 0x0000020f552241a0 Exception <a 'java/lang/NoSuchMethodError'{0x00000000eae57848}: 'java.lang.Object java.lang.invoke.DirectMethodHandle$Holder.invokeSpecial(java.lang.Object, java.lang.Object, java.lang.Object, int, java.lang.Object)'> (0x00000000eae57848) 
thrown [s\src\hotspot\share\interpreter\linkResolver.cpp, line 759]
Event: 10.294 Thread 0x0000020f553c9720 Exception <a 'java/lang/ClassNotFoundException'{0x00000000ec1dbbe8}: com/sun/org/apache/xerces/internal/impl/msg/spi/DOMMessagesProvider> (0x00000000ec1dbbe8) 
thrown [s\src\hotspot\share\classfile\systemDictionary.cpp, line 256]
Event: 10.317 Thread 0x0000020f553c9720 Implicit null exception at 0x0000020f4553710d to 0x0000020f45537dfc
Event: 10.326 Thread 0x0000020f553c9720 Exception <a 'java/lang/ClassNotFoundException'{0x00000000ec207c90}: com/sun/org/apache/xerces/internal/impl/msg/spi/XMLSerializerMessagesProvider> (0x00000000ec207c90) 
thrown [s\src\hotspot\share\classfile\systemDictionary.cpp, line 256]
Event: 10.333 Thread 0x0000020f553c9720 Exception <a 'java/lang/ClassNotFoundException'{0x00000000ec214f18}: com/sun/org/apache/xerces/internal/impl/msg/spi/XMLMessagesProvider> (0x00000000ec214f18) 
thrown [s\src\hotspot\share\classfile\systemDictionary.cpp, line 256]
Event: 10.454 Thread 0x0000020f553c9720 Exception <a 'java/lang/NoSuchMethodError'{0x00000000ec2bb000}: 'void java.lang.invoke.DirectMethodHandle$Holder.invokeVirtual(java.lang.Object, java.lang.Object)'> (0x00000000ec2bb000) 
thrown [s\src\hotspot\share\interpreter\linkResolver.cpp, line 759]
Event: 11.082 Thread 0x0000020f553c9720 Exception <a 'java/lang/NoSuchMethodError'{0x00000000ead1e558}: 'java.lang.Object java.lang.invoke.DirectMethodHandle$Holder.invokeStaticInit(java.lang.Object, int, int, int, int)'> (0x00000000ead1e558) 
thrown [s\src\hotspot\share\interpreter\linkResolver.cpp, line 759]
Event: 11.177 Thread 0x0000020f553c9720 Exception <a 'java/lang/Error'{0x00000000ead9db10}: IP Helper Library GetIpAddrTable function failed> (0x00000000ead9db10) 
thrown [s\src\hotspot\share\prims\jni.cpp, line 535]

VM Operations (20 events):
Event: 6.504 Executing VM operation: Cleanup
Event: 6.504 Executing VM operation: Cleanup done
Event: 6.549 Executing VM operation: ParallelGCFailedAllocation
Event: 6.555 Executing VM operation: ParallelGCFailedAllocation done
Event: 7.083 Executing VM operation: HandshakeAllThreads
Event: 7.083 Executing VM operation: HandshakeAllThreads done
Event: 7.298 Executing VM operation: HandshakeAllThreads
Event: 7.311 Executing VM operation: HandshakeAllThreads done
Event: 7.825 Executing VM operation: ParallelGCFailedAllocation
Event: 7.832 Executing VM operation: ParallelGCFailedAllocation done
Event: 8.121 Executing VM operation: HandshakeAllThreads
Event: 8.121 Executing VM operation: HandshakeAllThreads done
Event: 8.121 Executing VM operation: CollectForMetadataAllocation
Event: 8.154 Executing VM operation: CollectForMetadataAllocation done
Event: 8.549 Executing VM operation: ParallelGCFailedAllocation
Event: 8.551 Executing VM operation: ParallelGCFailedAllocation done
Event: 10.490 Executing VM operation: ParallelGCFailedAllocation
Event: 10.506 Executing VM operation: ParallelGCFailedAllocation done
Event: 10.594 Executing VM operation: HandshakeAllThreads
Event: 10.594 Executing VM operation: HandshakeAllThreads done

Events (20 events):
Event: 11.153 loading class java/util/concurrent/ConcurrentSkipListSet
Event: 11.154 loading class java/util/concurrent/ConcurrentSkipListSet done
Event: 11.156 loading class java/net/InetAddressImplFactory
Event: 11.156 loading class java/net/InetAddressImplFactory done
Event: 11.156 loading class java/net/Inet6AddressImpl
Event: 11.157 loading class java/net/InetAddressImpl
Event: 11.157 loading class java/net/InetAddressImpl done
Event: 11.157 loading class java/net/Inet6AddressImpl done
Event: 11.157 loading class java/net/InetAddress$PlatformNameService
Event: 11.158 loading class java/net/InetAddress$NameService
Event: 11.158 loading class java/net/InetAddress$NameService done
Event: 11.158 loading class java/net/InetAddress$PlatformNameService done
Event: 11.158 loading class java/net/Inet4Address
Event: 11.159 loading class java/net/Inet4Address done
Event: 11.160 loading class java/net/Inet6Address
Event: 11.161 loading class java/net/Inet6Address done
Event: 11.161 loading class java/net/Inet6Address$Inet6AddressHolder
Event: 11.161 loading class java/net/Inet6Address$Inet6AddressHolder done
Event: 11.162 loading class java/net/DefaultInterface
Event: 11.162 loading class java/net/DefaultInterface done


Dynamic libraries:
0x00007ff69a460000 - 0x00007ff69a46e000 	c:\Users\rocka\.vscode\extensions\redhat.java-1.25.1-win32-x64\jre\17.0.9-win32-x86_64\bin\java.exe
0x00007ffdc58d0000 - 0x00007ffdc5ae7000 	C:\WINDOWS\SYSTEM32\ntdll.dll
0x00007ffdc4a50000 - 0x00007ffdc4b14000 	C:\WINDOWS\System32\KERNEL32.DLL
0x00007ffdc2fe0000 - 0x00007ffdc3386000 	C:\WINDOWS\System32\KERNELBASE.dll
0x00007ffdc2c40000 - 0x00007ffdc2d51000 	C:\WINDOWS\System32\ucrtbase.dll
0x00007ffd77770000 - 0x00007ffd77787000 	c:\Users\rocka\.vscode\extensions\redhat.java-1.25.1-win32-x64\jre\17.0.9-win32-x86_64\bin\jli.dll
0x00007ffd73410000 - 0x00007ffd7342b000 	c:\Users\rocka\.vscode\extensions\redhat.java-1.25.1-win32-x64\jre\17.0.9-win32-x86_64\bin\VCRUNTIME140.dll
0x00007ffdc43c0000 - 0x00007ffdc456e000 	C:\WINDOWS\System32\USER32.dll
0x00007ffdc2d60000 - 0x00007ffdc2d86000 	C:\WINDOWS\System32\win32u.dll
0x00007ffda2840000 - 0x00007ffda2ad3000 	C:\WINDOWS\WinSxS\amd64_microsoft.windows.common-controls_6595b64144ccf1df_6.0.22621.2506_none_270c5ae97388e100\COMCTL32.dll
0x00007ffdc4b20000 - 0x00007ffdc4b49000 	C:\WINDOWS\System32\GDI32.dll
0x00007ffdc4f20000 - 0x00007ffdc4fc7000 	C:\WINDOWS\System32\msvcrt.dll
0x00007ffdc3500000 - 0x00007ffdc3618000 	C:\WINDOWS\System32\gdi32full.dll
0x00007ffdc2e80000 - 0x00007ffdc2f1a000 	C:\WINDOWS\System32\msvcp_win.dll
0x00007ffdc4270000 - 0x00007ffdc42a1000 	C:\WINDOWS\System32\IMM32.DLL
0x00007ffdae4a0000 - 0x00007ffdae4ac000 	c:\Users\rocka\.vscode\extensions\redhat.java-1.25.1-win32-x64\jre\17.0.9-win32-x86_64\bin\vcruntime140_1.dll
0x00007ffd722a0000 - 0x00007ffd7232d000 	c:\Users\rocka\.vscode\extensions\redhat.java-1.25.1-win32-x64\jre\17.0.9-win32-x86_64\bin\msvcp140.dll
0x00007ffd23340000 - 0x00007ffd23fa1000 	c:\Users\rocka\.vscode\extensions\redhat.java-1.25.1-win32-x64\jre\17.0.9-win32-x86_64\bin\server\jvm.dll
0x00007ffdc4910000 - 0x00007ffdc49c1000 	C:\WINDOWS\System32\ADVAPI32.dll
0x00007ffdc4b50000 - 0x00007ffdc4bf5000 	C:\WINDOWS\System32\sechost.dll
0x00007ffdc4c50000 - 0x00007ffdc4d67000 	C:\WINDOWS\System32\RPCRT4.dll
0x00007ffdb1570000 - 0x00007ffdb15a4000 	C:\WINDOWS\SYSTEM32\WINMM.dll
0x00007ffdc1a50000 - 0x00007ffdc1a9d000 	C:\WINDOWS\SYSTEM32\POWRPROF.dll
0x00007ffdad1a0000 - 0x00007ffdad1a9000 	C:\WINDOWS\SYSTEM32\WSOCK32.dll
0x00007ffdc49d0000 - 0x00007ffdc4a41000 	C:\WINDOWS\System32\WS2_32.dll
0x00007ffdb4e10000 - 0x00007ffdb4e1a000 	C:\WINDOWS\SYSTEM32\VERSION.dll
0x00007ffdc1a30000 - 0x00007ffdc1a43000 	C:\WINDOWS\SYSTEM32\UMPDC.dll
0x00007ffdc1cf0000 - 0x00007ffdc1d08000 	C:\WINDOWS\SYSTEM32\kernel.appcore.dll
0x00007ffdad170000 - 0x00007ffdad17a000 	c:\Users\rocka\.vscode\extensions\redhat.java-1.25.1-win32-x64\jre\17.0.9-win32-x86_64\bin\jimage.dll
0x00007ffdb4700000 - 0x00007ffdb4933000 	C:\WINDOWS\SYSTEM32\DBGHELP.DLL
0x00007ffdc4570000 - 0x00007ffdc48f9000 	C:\WINDOWS\System32\combase.dll
0x00007ffdc4d90000 - 0x00007ffdc4e67000 	C:\WINDOWS\System32\OLEAUT32.dll
0x00007ffd9fe00000 - 0x00007ffd9fe32000 	C:\WINDOWS\SYSTEM32\dbgcore.DLL
0x00007ffdc2d90000 - 0x00007ffdc2e0a000 	C:\WINDOWS\System32\bcryptPrimitives.dll
0x00007ffdacde0000 - 0x00007ffdacdee000 	c:\Users\rocka\.vscode\extensions\redhat.java-1.25.1-win32-x64\jre\17.0.9-win32-x86_64\bin\instrument.dll
0x00007ffd73350000 - 0x00007ffd73375000 	c:\Users\rocka\.vscode\extensions\redhat.java-1.25.1-win32-x64\jre\17.0.9-win32-x86_64\bin\java.dll
0x00007ffd73330000 - 0x00007ffd73348000 	c:\Users\rocka\.vscode\extensions\redhat.java-1.25.1-win32-x64\jre\17.0.9-win32-x86_64\bin\zip.dll
0x00007ffdc3910000 - 0x00007ffdc416a000 	C:\WINDOWS\System32\SHELL32.dll
0x00007ffdc0b20000 - 0x00007ffdc1416000 	C:\WINDOWS\SYSTEM32\windows.storage.dll
0x00007ffdc09e0000 - 0x00007ffdc0b1e000 	C:\WINDOWS\SYSTEM32\wintypes.dll
0x00007ffdc4170000 - 0x00007ffdc4263000 	C:\WINDOWS\System32\SHCORE.dll
0x00007ffdc4330000 - 0x00007ffdc438e000 	C:\WINDOWS\System32\shlwapi.dll
0x00007ffdc2b70000 - 0x00007ffdc2b96000 	C:\WINDOWS\SYSTEM32\profapi.dll
0x00007ffd73310000 - 0x00007ffd73329000 	C:\Users\rocka\.vscode\extensions\redhat.java-1.25.1-win32-x64\jre\17.0.9-win32-x86_64\bin\net.dll
0x00007ffdbc350000 - 0x00007ffdbc487000 	C:\WINDOWS\SYSTEM32\WINHTTP.dll
0x00007ffdc2160000 - 0x00007ffdc21c9000 	C:\WINDOWS\system32\mswsock.dll
0x00007ffd72280000 - 0x00007ffd72296000 	C:\Users\rocka\.vscode\extensions\redhat.java-1.25.1-win32-x64\jre\17.0.9-win32-x86_64\bin\nio.dll
0x00007ffda62f0000 - 0x00007ffda6300000 	c:\Users\rocka\.vscode\extensions\redhat.java-1.25.1-win32-x64\jre\17.0.9-win32-x86_64\bin\verify.dll
0x00007ffd72240000 - 0x00007ffd7227e000 	C:\Users\rocka\AppData\Roaming\Code\User\globalStorage\redhat.java\1.25.1\config_ss_win\org.eclipse.equinox.launcher\org.eclipse.equinox.launcher.win32.win32.x86_64_1.2.800.v20231003-1442\eclipse_11802.dll
0x00007ffdc3620000 - 0x00007ffdc37c0000 	C:\WINDOWS\System32\ole32.dll
0x00007ffdc2390000 - 0x00007ffdc23ab000 	C:\WINDOWS\SYSTEM32\CRYPTSP.dll
0x00007ffdc16f0000 - 0x00007ffdc171d000 	C:\WINDOWS\SYSTEM32\IPHLPAPI.DLL
0x00007ffdc4900000 - 0x00007ffdc4909000 	C:\WINDOWS\System32\NSI.dll
0x00007ffdbc570000 - 0x00007ffdbc589000 	C:\WINDOWS\SYSTEM32\dhcpcsvc6.DLL

dbghelp: loaded successfully - version: 4.0.5 - missing functions: none
symbol engine: initialized successfully - sym options: 0x614 - pdb path: .;c:\Users\rocka\.vscode\extensions\redhat.java-1.25.1-win32-x64\jre\17.0.9-win32-x86_64\bin;C:\WINDOWS\SYSTEM32;C:\WINDOWS\WinSxS\amd64_microsoft.windows.common-controls_6595b64144ccf1df_6.0.22621.2506_none_270c5ae97388e100;c:\Users\rocka\.vscode\extensions\redhat.java-1.25.1-win32-x64\jre\17.0.9-win32-x86_64\bin\server;C:\Users\rocka\AppData\Roaming\Code\User\globalStorage\redhat.java\1.25.1\config_ss_win\org.eclipse.equinox.launcher\org.eclipse.equinox.launcher.win32.win32.x86_64_1.2.800.v20231003-1442

VM Arguments:
jvm_args: --add-modules=ALL-SYSTEM --add-opens=java.base/java.util=ALL-UNNAMED --add-opens=java.base/java.lang=ALL-UNNAMED --add-opens=java.base/sun.nio.fs=ALL-UNNAMED -Declipse.application=org.eclipse.jdt.ls.core.id1 -Dosgi.bundles.defaultStartLevel=4 -Declipse.product=org.eclipse.jdt.ls.core.product -Djava.import.generatesMetadataFilesAtProjectRoot=false -DDetectVMInstallationsJob.disabled=true -Dfile.encoding=utf8 -XX:+UseParallelGC -XX:GCTimeRatio=4 -XX:AdaptiveSizePolicyWeight=90 -Dsun.zip.disableMemoryMapping=true -Xmx1G -Xms100m -Xlog:disable -javaagent:c:\Users\rocka\.vscode\extensions\redhat.java-1.25.1-win32-x64\lombok\lombok-1.18.30.jar 
java_command: c:\Users\rocka\.vscode\extensions\redhat.java-1.25.1-win32-x64\server\plugins\org.eclipse.equinox.launcher_1.6.600.v20231106-1826.jar -configuration c:\Users\rocka\AppData\Roaming\Code\User\globalStorage\redhat.java\1.25.1\config_ss_win -data c:\Users\rocka\AppData\Roaming\Code\User\workspaceStorage\98cd369e4861e4353223ca6c1bcc8c25\redhat.java\ss_ws --stdio
java_class_path (initial): c:\Users\rocka\.vscode\extensions\redhat.java-1.25.1-win32-x64\server\plugins\org.eclipse.equinox.launcher_1.6.600.v20231106-1826.jar
Launcher Type: SUN_STANDARD

[Global flags]
    uintx AdaptiveSizePolicyWeight                 = 90                                        {product} {command line}
     intx CICompilerCount                          = 4                                         {product} {ergonomic}
    uintx GCTimeRatio                              = 4                                         {product} {command line}
   size_t InitialHeapSize                          = 104857600                                 {product} {command line}
   size_t MaxHeapSize                              = 1073741824                                {product} {command line}
   size_t MaxNewSize                               = 357564416                                 {product} {ergonomic}
   size_t MinHeapDeltaBytes                        = 524288                                    {product} {ergonomic}
   size_t MinHeapSize                              = 104857600                                 {product} {command line}
   size_t NewSize                                  = 34603008                                  {product} {ergonomic}
    uintx NonNMethodCodeHeapSize                   = 5839372                                {pd product} {ergonomic}
    uintx NonProfiledCodeHeapSize                  = 122909434                              {pd product} {ergonomic}
   size_t OldSize                                  = 70254592                                  {product} {ergonomic}
    uintx ProfiledCodeHeapSize                     = 122909434                              {pd product} {ergonomic}
    uintx ReservedCodeCacheSize                    = 251658240                              {pd product} {ergonomic}
     bool SegmentedCodeCache                       = true                                      {product} {ergonomic}
   size_t SoftMaxHeapSize                          = 1073741824                             {manageable} {ergonomic}
     bool UseCompressedClassPointers               = true                           {product lp64_product} {ergonomic}
     bool UseCompressedOops                        = true                           {product lp64_product} {ergonomic}
     bool UseLargePagesIndividualAllocation        = false                                  {pd product} {ergonomic}
     bool UseParallelGC                            = true                                      {product} {command line}

Logging:
Log output configuration:
 #0: stdout all=off uptime,level,tags
 #1: stderr all=off uptime,level,tags

Environment Variables:
PATH=C:\Program Files\Java\jdk-20\bin;C:\Program Files\dotnet\;C:\Program Files\Git\cmd;C:\Program Files\nodejs\;C:\Program Files\Cloudflare\Cloudflare WARP\;C:\Users\rocka\AppData\Local\Programs\Python\Python311\Scripts\;C:\Users\rocka\AppData\Local\Programs\Python\Python311\;C:\Program Files\Java\jdk-20\bin;C:\Users\rocka\AppData\Local\Programs\Microsoft VS Code\bin;C:\Users\rocka\AppData\Local\GitHubDesktop\bin;C:\Users\rocka\AppData\Roaming\npm
USERNAME=rocka
OS=Windows_NT
PROCESSOR_IDENTIFIER=Intel64 Family 6 Model 158 Stepping 10, GenuineIntel
TMP=C:\Users\rocka\AppData\Local\Temp
TEMP=C:\Users\rocka\AppData\Local\Temp



Periodic native trim disabled


---------------  S Y S T E M  ---------------

OS:
Call to GetFileVersionInfoSize failed
OS uptime: 3 days 7:04 hours
Hyper-V role detected

CPU: total 8 (initial active 8) (4 cores per cpu, 2 threads per core) family 6 model 158 stepping 10 microcode 0xde, cx8, cmov, fxsr, ht, mmx, 3dnowpref, sse, sse2, sse3, ssse3, sse4.1, sse4.2, popcnt, lzcnt, tsc, tscinvbit, avx, avx2, aes, erms, clmul, bmi1, bmi2, adx, fma, vzeroupper, clflush, clflushopt, hv
Processor Information for all 8 processors :
  Max Mhz: 2401, Current Mhz: 2400, Mhz Limit: 2376

Memory: 4k page, system-wide physical 8036M (1242M free)
TotalPageFile size 17252M (AvailPageFile size 4423M)
current process WorkingSet (physical memory assigned to process): 111M, peak: 117M
current process commit charge ("private bytes"): 219M, peak: 225M

vm_info: OpenJDK 64-Bit Server VM (17.0.9+9) for windows-amd64 JRE (17.0.9+9), built on Oct 26 2023 14:01:42 by "admin" with MS VC++ 16.10 / 16.11 (VS2019)

END.
